#
# A fatal error has been detected by the Java Runtime Environment:
#
#  EXCEPTION_ACCESS_VIOLATION (0xc0000005) at pc=0x0000000055995074, pid=2180, tid=0x0000000000000d38
#
# JRE version: Java(TM) SE Runtime Environment (8.0_171-b11) (build 1.8.0_171-b11)
# Java VM: Java HotSpot(TM) 64-Bit Server VM (25.171-b11 mixed mode windows-amd64 compressed oops)
# Problematic frame:
# V  [jvm.dll+0x4c5074]
#
# Failed to write core dump. Minidumps are not enabled by default on client versions of Windows
#
# If you would like to submit a bug report, please visit:
#   http://bugreport.java.com/bugreport/crash.jsp
#

---------------  T H R E A D  ---------------

Current thread (0x00000000150df800):  JavaThread "C2 CompilerThread0" daemon [_thread_in_native, id=3384, stack(0x0000000016120000,0x0000000016220000)]

siginfo: ExceptionCode=0xc0000005, reading address 0x0000000000000000

Registers:
RAX=0x0000000000000000, RBX=0x00000000175a3ff8, RCX=0x000000000000252a, RDX=0x0000000017b67bf0
RSP=0x000000001621b780, RBP=0x000000001621b8f0, RSI=0x0000000000001d6d, RDI=0x000000001621b898
R8 =0x0000000000000059, R9 =0x0000000000004000, R10=0x000000001621bc80, R11=0x0000000017a74400
R12=0x0000000000000030, R13=0x00000000177afad0, R14=0x000000001621b828, R15=0x000000001621b848
RIP=0x0000000055995074, EFLAGS=0x0000000000010202

Top of Stack: (sp=0x000000001621b780)
0x000000001621b780:   0000000016a49528 0000000000001d6d
0x000000001621b790:   0000000000000002 0000000016bb6bd0
0x000000001621b7a0:   000000001621c658 00000000559dfa10
0x000000001621b7b0:   0000000017955da0 00000000028b9290
0x000000001621b7c0:   0000000015107a90 000000001621b8f0
0x000000001621b7d0:   00000000028b9290 0000000000000001
0x000000001621b7e0:   000000001621bc80 0000000055996f33
0x000000001621b7f0:   000000001621bc80 0000000000000001
0x000000001621b800:   0000000000000030 000000001621b898
0x000000001621b810:   0000000017955df0 000000001795dd88
0x000000001621b820:   00000000000d81f8 00000000028b9290
0x000000001621b830:   0000000000002000 0000000017c95fe0
0x000000001621b840:   0000000000001d6e 0000000055b4ac08
0x000000001621b850:   00000000028b9290 0000000000000200
0x000000001621b860:   0000000017b67bf0 0000000000000001
0x000000001621b870:   0000000017955da0 00000000028b9290 

Instructions: (pc=0x0000000055995074)
0x0000000055995054:   ce e8 06 a9 04 00 4c 8b 54 24 70 48 8b 46 10 8b
0x0000000055995064:   8c 24 80 00 00 00 48 89 1c e8 eb 97 48 8b 43 08
0x0000000055995074:   48 83 38 00 0f 84 87 00 00 00 48 8b 03 48 8b cb
0x0000000055995084:   ff 50 10 84 c0 75 0a 0f b6 43 2c 24 0f 3c 0c 75 


Register to memory mapping:

RAX=0x0000000000000000 is an unknown value
RBX=0x00000000175a3ff8 is an unknown value
RCX=0x000000000000252a is an unknown value
RDX=0x0000000017b67bf0 is an unknown value
RSP=0x000000001621b780 is pointing into the stack for thread: 0x00000000150df800
RBP=0x000000001621b8f0 is pointing into the stack for thread: 0x00000000150df800
RSI=0x0000000000001d6d is an unknown value
RDI=0x000000001621b898 is pointing into the stack for thread: 0x00000000150df800
R8 =0x0000000000000059 is an unknown value
R9 =0x0000000000004000 is an unknown value
R10=0x000000001621bc80 is pointing into the stack for thread: 0x00000000150df800
R11=0x0000000017a74400 is an unknown value
R12=0x0000000000000030 is an unknown value
R13=0x00000000177afad0 is an unknown value
R14=0x000000001621b828 is pointing into the stack for thread: 0x00000000150df800
R15=0x000000001621b848 is pointing into the stack for thread: 0x00000000150df800


Stack: [0x0000000016120000,0x0000000016220000],  sp=0x000000001621b780,  free space=1005k
Native frames: (J=compiled Java code, j=interpreted, Vv=VM code, C=native code)
V  [jvm.dll+0x4c5074]
V  [jvm.dll+0x4c6f33]
V  [jvm.dll+0x476c7c]
V  [jvm.dll+0x4780d3]
V  [jvm.dll+0x45a902]
V  [jvm.dll+0xa6102]
V  [jvm.dll+0xa6a4f]
V  [jvm.dll+0x245adf]
V  [jvm.dll+0x29d40a]
C  [msvcr100.dll+0x21d9f]
C  [msvcr100.dll+0x21e3b]
C  [KERNEL32.DLL+0x167e]
C  [ntdll.dll+0x1c3f1]


Current CompileTask:
C2:   9075 2034       4       org.springframework.asm.ClassReader::readCode (3579 bytes)


---------------  P R O C E S S  ---------------

Java Threads: ( => current thread )
  0x0000000016fb7800 JavaThread "restartedMain" [_thread_in_Java, id=2120, stack(0x00000000182f0000,0x00000000183f0000)]
  0x000000001708a000 JavaThread "Thread-0" [_thread_blocked, id=3316, stack(0x00000000181f0000,0x00000000182f0000)]
  0x0000000015151800 JavaThread "Service Thread" daemon [_thread_blocked, id=4948, stack(0x0000000016320000,0x0000000016420000)]
  0x00000000150e5800 JavaThread "C1 CompilerThread1" daemon [_thread_in_native, id=1604, stack(0x0000000016220000,0x0000000016320000)]
=>0x00000000150df800 JavaThread "C2 CompilerThread0" daemon [_thread_in_native, id=3384, stack(0x0000000016120000,0x0000000016220000)]
  0x00000000150de000 JavaThread "Attach Listener" daemon [_thread_blocked, id=4668, stack(0x0000000016020000,0x0000000016120000)]
  0x00000000150db000 JavaThread "Signal Dispatcher" daemon [_thread_blocked, id=3124, stack(0x0000000015f20000,0x0000000016020000)]
  0x00000000028bc000 JavaThread "Finalizer" daemon [_thread_blocked, id=4448, stack(0x0000000015d20000,0x0000000015e20000)]
  0x00000000028b2000 JavaThread "Reference Handler" daemon [_thread_blocked, id=3668, stack(0x0000000015c20000,0x0000000015d20000)]
  0x00000000027c5000 JavaThread "main" [_thread_blocked, id=2928, stack(0x0000000002600000,0x0000000002700000)]

Other Threads:
  0x00000000150a5000 VMThread [stack: 0x0000000015b20000,0x0000000015c20000] [id=2172]
  0x000000001516c800 WatcherThread [stack: 0x0000000016420000,0x0000000016520000] [id=644]

VM state:not at safepoint (normal execution)

VM Mutex/Monitor currently owned by a thread: None

Heap:
 PSYoungGen      total 72192K, used 38748K [0x00000000eab80000, 0x00000000f3980000, 0x0000000100000000)
  eden space 64000K, 60% used [0x00000000eab80000,0x00000000ed157240,0x00000000eea00000)
  from space 8192K, 0% used [0x00000000eea00000,0x00000000eea00000,0x00000000ef200000)
  to   space 8704K, 0% used [0x00000000f3100000,0x00000000f3100000,0x00000000f3980000)
 ParOldGen       total 36352K, used 7586K [0x00000000c0200000, 0x00000000c2580000, 0x00000000eab80000)
  object space 36352K, 20% used [0x00000000c0200000,0x00000000c0968948,0x00000000c2580000)
 Metaspace       used 21376K, capacity 21762K, committed 21936K, reserved 1069056K
  class space    used 2586K, capacity 2706K, committed 2816K, reserved 1048576K

Card table byte_map: [0x0000000012030000,0x0000000012230000] byte_map_base: 0x0000000011a2f000

Marking Bits: (ParMarkBitMap*) 0x0000000055cf08c0
 Begin Bits: [0x0000000012590000, 0x0000000013588000)
 End Bits:   [0x0000000013588000, 0x0000000014580000)

Polling page: 0x0000000000e80000

CodeCache: size=245760Kb used=7692Kb max_used=7692Kb free=238067Kb
 bounds [0x0000000002c70000, 0x0000000003400000, 0x0000000011c70000]
 total_blobs=2394 nmethods=2034 adapters=274
 compilation: enabled

Compilation events (10 events):
Event: 8.899 Thread 0x00000000150e5800 2040       1       org.springframework.context.annotation.ConditionEvaluator$ConditionContextImpl::getBeanFactory (5 bytes)
Event: 8.899 Thread 0x00000000150e5800 nmethod 2040 0x00000000033e40d0 code [0x00000000033e4220, 0x00000000033e4330]
Event: 8.908 Thread 0x00000000150e5800 2041       3       java.util.Collections$UnmodifiableCollection::iterator (9 bytes)
Event: 8.908 Thread 0x00000000150e5800 nmethod 2041 0x00000000033e4390 code [0x00000000033e4500, 0x00000000033e4868]
Event: 8.910 Thread 0x00000000150e5800 2042   !   3       org.springframework.util.ClassUtils::forName (268 bytes)
Event: 8.914 Thread 0x00000000150e5800 nmethod 2042 0x00000000033e49d0 code [0x00000000033e4f00, 0x00000000033e8488]
Event: 8.946 Thread 0x00000000150e5800 2043       3       org.springframework.boot.autoconfigure.condition.OnClassCondition$MatchType::access$300 (6 bytes)
Event: 8.947 Thread 0x00000000150e5800 nmethod 2043 0x00000000033ea090 code [0x00000000033ea240, 0x00000000033ea7f8]
Event: 8.958 Thread 0x00000000150e5800 2044   !   3       sun.net.www.protocol.jar.JarFileFactory::getConnection (40 bytes)
Event: 8.959 Thread 0x00000000150e5800 nmethod 2044 0x00000000033eab90 code [0x00000000033ead60, 0x00000000033eb6c8]

GC Heap History (10 events):
Event: 3.211 GC heap before
{Heap before GC invocations=4 (full 0):
 PSYoungGen      total 18944K, used 18916K [0x00000000eab80000, 0x00000000ed080000, 0x0000000100000000)
  eden space 16384K, 100% used [0x00000000eab80000,0x00000000ebb80000,0x00000000ebb80000)
  from space 2560K, 98% used [0x00000000ebb80000,0x00000000ebdf9158,0x00000000ebe00000)
  to   space 2560K, 0% used [0x00000000ece00000,0x00000000ece00000,0x00000000ed080000)
 ParOldGen       total 44032K, used 379K [0x00000000c0200000, 0x00000000c2d00000, 0x00000000eab80000)
  object space 44032K, 0% used [0x00000000c0200000,0x00000000c025eff8,0x00000000c2d00000)
 Metaspace       used 9144K, capacity 9324K, committed 9472K, reserved 1056768K
  class space    used 1162K, capacity 1209K, committed 1280K, reserved 1048576K
Event: 3.222 GC heap after
Heap after GC invocations=4 (full 0):
 PSYoungGen      total 35328K, used 2530K [0x00000000eab80000, 0x00000000ed080000, 0x0000000100000000)
  eden space 32768K, 0% used [0x00000000eab80000,0x00000000eab80000,0x00000000ecb80000)
  from space 2560K, 98% used [0x00000000ece00000,0x00000000ed078be0,0x00000000ed080000)
  to   space 2560K, 0% used [0x00000000ecb80000,0x00000000ecb80000,0x00000000ece00000)
 ParOldGen       total 44032K, used 1201K [0x00000000c0200000, 0x00000000c2d00000, 0x00000000eab80000)
  object space 44032K, 2% used [0x00000000c0200000,0x00000000c032c710,0x00000000c2d00000)
 Metaspace       used 9144K, capacity 9324K, committed 9472K, reserved 1056768K
  class space    used 1162K, capacity 1209K, committed 1280K, reserved 1048576K
}
Event: 4.440 GC heap before
{Heap before GC invocations=5 (full 0):
 PSYoungGen      total 35328K, used 35298K [0x00000000eab80000, 0x00000000ed080000, 0x0000000100000000)
  eden space 32768K, 100% used [0x00000000eab80000,0x00000000ecb80000,0x00000000ecb80000)
  from space 2560K, 98% used [0x00000000ece00000,0x00000000ed078be0,0x00000000ed080000)
  to   space 2560K, 0% used [0x00000000ecb80000,0x00000000ecb80000,0x00000000ece00000)
 ParOldGen       total 44032K, used 1201K [0x00000000c0200000, 0x00000000c2d00000, 0x00000000eab80000)
  object space 44032K, 2% used [0x00000000c0200000,0x00000000c032c710,0x00000000c2d00000)
 Metaspace       used 13948K, capacity 14060K, committed 14336K, reserved 1062912K
  class space    used 1700K, capacity 1721K, committed 1792K, reserved 1048576K
Event: 4.461 GC heap after
Heap after GC invocations=5 (full 0):
 PSYoungGen      total 35328K, used 2544K [0x00000000eab80000, 0x00000000ef880000, 0x0000000100000000)
  eden space 32768K, 0% used [0x00000000eab80000,0x00000000eab80000,0x00000000ecb80000)
  from space 2560K, 99% used [0x00000000ecb80000,0x00000000ecdfc030,0x00000000ece00000)
  to   space 6656K, 0% used [0x00000000ef200000,0x00000000ef200000,0x00000000ef880000)
 ParOldGen       total 44032K, used 5631K [0x00000000c0200000, 0x00000000c2d00000, 0x00000000eab80000)
  object space 44032K, 12% used [0x00000000c0200000,0x00000000c077fc48,0x00000000c2d00000)
 Metaspace       used 13948K, capacity 14060K, committed 14336K, reserved 1062912K
  class space    used 1700K, capacity 1721K, committed 1792K, reserved 1048576K
}
Event: 6.396 GC heap before
{Heap before GC invocations=6 (full 0):
 PSYoungGen      total 35328K, used 35312K [0x00000000eab80000, 0x00000000ef880000, 0x0000000100000000)
  eden space 32768K, 100% used [0x00000000eab80000,0x00000000ecb80000,0x00000000ecb80000)
  from space 2560K, 99% used [0x00000000ecb80000,0x00000000ecdfc030,0x00000000ece00000)
  to   space 6656K, 0% used [0x00000000ef200000,0x00000000ef200000,0x00000000ef880000)
 ParOldGen       total 44032K, used 5631K [0x00000000c0200000, 0x00000000c2d00000, 0x00000000eab80000)
  object space 44032K, 12% used [0x00000000c0200000,0x00000000c077fc48,0x00000000c2d00000)
 Metaspace       used 18682K, capacity 18866K, committed 19072K, reserved 1067008K
  class space    used 2263K, capacity 2321K, committed 2432K, reserved 1048576K
Event: 6.426 GC heap after
Heap after GC invocations=6 (full 0):
 PSYoungGen      total 70656K, used 6625K [0x00000000eab80000, 0x00000000efb80000, 0x0000000100000000)
  eden space 64000K, 0% used [0x00000000eab80000,0x00000000eab80000,0x00000000eea00000)
  from space 6656K, 99% used [0x00000000ef200000,0x00000000ef878628,0x00000000ef880000)
  to   space 8192K, 0% used [0x00000000eea00000,0x00000000eea00000,0x00000000ef200000)
 ParOldGen       total 44032K, used 6211K [0x00000000c0200000, 0x00000000c2d00000, 0x00000000eab80000)
  object space 44032K, 14% used [0x00000000c0200000,0x00000000c0810ce8,0x00000000c2d00000)
 Metaspace       used 18682K, capacity 18866K, committed 19072K, reserved 1067008K
  class space    used 2263K, capacity 2321K, committed 2432K, reserved 1048576K
}
Event: 8.082 GC heap before
{Heap before GC invocations=7 (full 0):
 PSYoungGen      total 70656K, used 39360K [0x00000000eab80000, 0x00000000efb80000, 0x0000000100000000)
  eden space 64000K, 51% used [0x00000000eab80000,0x00000000ecb77d88,0x00000000eea00000)
  from space 6656K, 99% used [0x00000000ef200000,0x00000000ef878628,0x00000000ef880000)
  to   space 8192K, 0% used [0x00000000eea00000,0x00000000eea00000,0x00000000ef200000)
 ParOldGen       total 44032K, used 6211K [0x00000000c0200000, 0x00000000c2d00000, 0x00000000eab80000)
  object space 44032K, 14% used [0x00000000c0200000,0x00000000c0810ce8,0x00000000c2d00000)
 Metaspace       used 20835K, capacity 21118K, committed 21296K, reserved 1069056K
  class space    used 2525K, capacity 2601K, committed 2688K, reserved 1048576K
Event: 8.112 GC heap after
Heap after GC invocations=7 (full 0):
 PSYoungGen      total 72192K, used 6231K [0x00000000eab80000, 0x00000000f3980000, 0x0000000100000000)
  eden space 64000K, 0% used [0x00000000eab80000,0x00000000eab80000,0x00000000eea00000)
  from space 8192K, 76% used [0x00000000eea00000,0x00000000ef015e48,0x00000000ef200000)
  to   space 8704K, 0% used [0x00000000f3100000,0x00000000f3100000,0x00000000f3980000)
 ParOldGen       total 44032K, used 7080K [0x00000000c0200000, 0x00000000c2d00000, 0x00000000eab80000)
  object space 44032K, 16% used [0x00000000c0200000,0x00000000c08ea360,0x00000000c2d00000)
 Metaspace       used 20835K, capacity 21118K, committed 21296K, reserved 1069056K
  class space    used 2525K, capacity 2601K, committed 2688K, reserved 1048576K
}
Event: 8.112 GC heap before
{Heap before GC invocations=8 (full 1):
 PSYoungGen      total 72192K, used 6231K [0x00000000eab80000, 0x00000000f3980000, 0x0000000100000000)
  eden space 64000K, 0% used [0x00000000eab80000,0x00000000eab80000,0x00000000eea00000)
  from space 8192K, 76% used [0x00000000eea00000,0x00000000ef015e48,0x00000000ef200000)
  to   space 8704K, 0% used [0x00000000f3100000,0x00000000f3100000,0x00000000f3980000)
 ParOldGen       total 44032K, used 7080K [0x00000000c0200000, 0x00000000c2d00000, 0x00000000eab80000)
  object space 44032K, 16% used [0x00000000c0200000,0x00000000c08ea360,0x00000000c2d00000)
 Metaspace       used 20835K, capacity 21118K, committed 21296K, reserved 1069056K
  class space    used 2525K, capacity 2601K, committed 2688K, reserved 1048576K
Event: 8.274 GC heap after
Heap after GC invocations=8 (full 1):
 PSYoungGen      total 72192K, used 0K [0x00000000eab80000, 0x00000000f3980000, 0x0000000100000000)
  eden space 64000K, 0% used [0x00000000eab80000,0x00000000eab80000,0x00000000eea00000)
  from space 8192K, 0% used [0x00000000eea00000,0x00000000eea00000,0x00000000ef200000)
  to   space 8704K, 0% used [0x00000000f3100000,0x00000000f3100000,0x00000000f3980000)
 ParOldGen       total 36352K, used 7586K [0x00000000c0200000, 0x00000000c2580000, 0x00000000eab80000)
  object space 36352K, 20% used [0x00000000c0200000,0x00000000c0968948,0x00000000c2580000)
 Metaspace       used 20835K, capacity 21118K, committed 21296K, reserved 1069056K
  class space    used 2525K, capacity 2601K, committed 2688K, reserved 1048576K
}

Deoptimization events (10 events):
Event: 5.287 Thread 0x0000000016fb7800 Uncommon trap: reason=bimorphic action=maybe_recompile pc=0x0000000002f88d7c method=java.util.HashMap.putVal(ILjava/lang/Object;Ljava/lang/Object;ZZ)Ljava/lang/Object; @ 253
Event: 5.288 Thread 0x0000000016fb7800 Uncommon trap: reason=bimorphic action=maybe_recompile pc=0x0000000002f88d7c method=java.util.HashMap.putVal(ILjava/lang/Object;Ljava/lang/Object;ZZ)Ljava/lang/Object; @ 253
Event: 5.288 Thread 0x0000000016fb7800 Uncommon trap: reason=bimorphic action=maybe_recompile pc=0x0000000002f88d7c method=java.util.HashMap.putVal(ILjava/lang/Object;Ljava/lang/Object;ZZ)Ljava/lang/Object; @ 253
Event: 5.971 Thread 0x0000000016fb7800 Uncommon trap: reason=class_check action=maybe_recompile pc=0x0000000002f7d8bc method=java.util.regex.Pattern$CharProperty.match(Ljava/util/regex/Matcher;ILjava/lang/CharSequence;)Z @ 37
Event: 5.972 Thread 0x0000000016fb7800 Uncommon trap: reason=class_check action=maybe_recompile pc=0x0000000002f7d8bc method=java.util.regex.Pattern$CharProperty.match(Ljava/util/regex/Matcher;ILjava/lang/CharSequence;)Z @ 37
Event: 5.972 Thread 0x0000000016fb7800 Uncommon trap: reason=class_check action=maybe_recompile pc=0x0000000002f7d8bc method=java.util.regex.Pattern$CharProperty.match(Ljava/util/regex/Matcher;ILjava/lang/CharSequence;)Z @ 37
Event: 5.972 Thread 0x0000000016fb7800 Uncommon trap: reason=class_check action=maybe_recompile pc=0x0000000002f7d8bc method=java.util.regex.Pattern$CharProperty.match(Ljava/util/regex/Matcher;ILjava/lang/CharSequence;)Z @ 37
Event: 6.458 Thread 0x0000000016fb7800 Uncommon trap: reason=unstable_if action=reinterpret pc=0x00000000031f6f30 method=org.springframework.asm.ClassReader.readUTF(II[C)Ljava/lang/String; @ 77
Event: 7.716 Thread 0x0000000016fb7800 Uncommon trap: reason=bimorphic action=maybe_recompile pc=0x0000000002f66af8 method=java.util.HashMap.putVal(ILjava/lang/Object;Ljava/lang/Object;ZZ)Ljava/lang/Object; @ 253
Event: 7.837 Thread 0x0000000016fb7800 Uncommon trap: reason=unstable_if action=reinterpret pc=0x000000000329c924 method=org.springframework.asm.ClassReader.readUTF8(I[C)Ljava/lang/String; @ 7

Classes redefined (0 events):
No events

Internal exceptions (10 events):
Event: 5.067 Thread 0x0000000016fb7800 Exception <a 'java/lang/ClassNotFoundException': org/springframework/beans/factory/groovy/GroovyBeanDefinitionReaderCustomizer> (0x00000000eb730550) thrown at [C:\re\workspace\8-2-build-windows-amd64-cygwin\jdk8u171\10807\hotspot\src\share\vm\classfile\sy
Event: 5.802 Thread 0x0000000016fb7800 Exception <a 'java/lang/ClassNotFoundException': java/lang/ObjectCustomizer> (0x00000000ebeddcd0) thrown at [C:\re\workspace\8-2-build-windows-amd64-cygwin\jdk8u171\10807\hotspot\src\share\vm\classfile\systemDictionary.cpp, line 210]
Event: 5.803 Thread 0x0000000016fb7800 Exception <a 'java/lang/ClassNotFoundException': org/springframework/context/annotation/ConfigurationClassPostProcessorCustomizer> (0x00000000ebefb608) thrown at [C:\re\workspace\8-2-build-windows-amd64-cygwin\jdk8u171\10807\hotspot\src\share\vm\classfile
Event: 5.813 Thread 0x0000000016fb7800 Exception <a 'java/lang/ClassNotFoundException': org/springframework/beans/factory/support/BeanDefinitionRegistryPostProcessorCustomizer> (0x00000000ebf29390) thrown at [C:\re\workspace\8-2-build-windows-amd64-cygwin\jdk8u171\10807\hotspot\src\share\vm\cl
Event: 5.814 Thread 0x0000000016fb7800 Exception <a 'java/lang/ClassNotFoundException': org/springframework/core/PriorityOrderedCustomizer> (0x00000000ebf3cb30) thrown at [C:\re\workspace\8-2-build-windows-amd64-cygwin\jdk8u171\10807\hotspot\src\share\vm\classfile\systemDictionary.cpp, line 21
Event: 5.815 Thread 0x0000000016fb7800 Exception <a 'java/lang/ClassNotFoundException': org/springframework/context/ResourceLoaderAwareCustomizer> (0x00000000ebf51068) thrown at [C:\re\workspace\8-2-build-windows-amd64-cygwin\jdk8u171\10807\hotspot\src\share\vm\classfile\systemDictionary.cpp, 
Event: 5.816 Thread 0x0000000016fb7800 Exception <a 'java/lang/ClassNotFoundException': org/springframework/beans/factory/BeanClassLoaderAwareCustomizer> (0x00000000ebf68528) thrown at [C:\re\workspace\8-2-build-windows-amd64-cygwin\jdk8u171\10807\hotspot\src\share\vm\classfile\systemDictionar
Event: 5.817 Thread 0x0000000016fb7800 Exception <a 'java/lang/ClassNotFoundException': org/springframework/context/EnvironmentAwareCustomizer> (0x00000000ebf7d218) thrown at [C:\re\workspace\8-2-build-windows-amd64-cygwin\jdk8u171\10807\hotspot\src\share\vm\classfile\systemDictionary.cpp, lin
Event: 6.869 Thread 0x0000000017320000 Exception <a 'java/lang/NoSuchFieldError': method resolution failed> (0x00000000eb148058) thrown at [C:\re\workspace\8-2-build-windows-amd64-cygwin\jdk8u171\10807\hotspot\src\share\vm\prims\methodHandles.cpp, line 1167]
Event: 6.876 Thread 0x0000000017320000 Exception <a 'java/lang/NoSuchFieldError': method resolution failed> (0x00000000eb155748) thrown at [C:\re\workspace\8-2-build-windows-amd64-cygwin\jdk8u171\10807\hotspot\src\share\vm\prims\methodHandles.cpp, line 1167]

Events (10 events):
Event: 8.918 loading class org/apache/commons/dbcp2/BasicDataSource
Event: 8.918 loading class org/apache/commons/dbcp2/BasicDataSource done
Event: 8.934 loading class org/springframework/boot/autoconfigure/jdbc/DataSourceInitializerPostProcessor$Registrar
Event: 8.934 loading class org/springframework/boot/autoconfigure/jdbc/DataSourceInitializerPostProcessor$Registrar done
Event: 8.944 loading class org/apache/commons/dbcp2/BasicDataSource
Event: 8.944 loading class org/apache/commons/dbcp2/BasicDataSource done
Event: 8.945 loading class org/apache/commons/dbcp/BasicDataSource
Event: 8.945 loading class org/apache/commons/dbcp/BasicDataSource done
Event: 8.945 loading class com/zaxxer/hikari/HikariDataSource
Event: 8.945 loading class com/zaxxer/hikari/HikariDataSource done


Dynamic libraries:
0x000007f7794e0000 - 0x000007f779517000 	C:\Program Files\Java\jre1.8.0_171\bin\javaw.exe
0x000007fa4bf30000 - 0x000007fa4c0ee000 	C:\Windows\SYSTEM32\ntdll.dll
0x000007fa493a0000 - 0x000007fa494d6000 	C:\Windows\system32\KERNEL32.DLL
0x000007fa49190000 - 0x000007fa49283000 	C:\Windows\system32\KERNELBASE.dll
0x000007fa4ab50000 - 0x000007fa4ac2e000 	C:\Windows\system32\ADVAPI32.dll
0x000007fa49900000 - 0x000007fa49a4c000 	C:\Windows\system32\USER32.dll
0x000007fa46ec0000 - 0x000007fa47129000 	C:\Windows\WinSxS\amd64_microsoft.windows.common-controls_6595b64144ccf1df_6.0.9200.16384_none_418c2a697189c07f\COMCTL32.dll
0x000007fa49550000 - 0x000007fa495f5000 	C:\Windows\system32\msvcrt.dll
0x000007fa4a700000 - 0x000007fa4a748000 	C:\Windows\SYSTEM32\sechost.dll
0x000007fa49d70000 - 0x000007fa49eb0000 	C:\Windows\system32\RPCRT4.dll
0x000007fa497b0000 - 0x000007fa498f0000 	C:\Windows\system32\GDI32.dll
0x000007fa49650000 - 0x000007fa49689000 	C:\Windows\system32\IMM32.DLL
0x000007fa49690000 - 0x000007fa497a4000 	C:\Windows\system32\MSCTF.dll
0x0000000055250000 - 0x0000000055322000 	C:\Program Files\Java\jre1.8.0_171\bin\msvcr100.dll
0x00000000554d0000 - 0x0000000055d70000 	C:\Program Files\Java\jre1.8.0_171\bin\server\jvm.dll
0x000007fa46590000 - 0x000007fa46599000 	C:\Windows\SYSTEM32\WSOCK32.dll
0x000007fa3fce0000 - 0x000007fa3fd00000 	C:\Windows\SYSTEM32\WINMM.dll
0x000007fa451b0000 - 0x000007fa451b9000 	C:\Windows\SYSTEM32\VERSION.dll
0x000007fa49f20000 - 0x000007fa49f27000 	C:\Windows\system32\PSAPI.DLL
0x000007fa4aaf0000 - 0x000007fa4ab48000 	C:\Windows\system32\WS2_32.dll
0x000007fa3fca0000 - 0x000007fa3fcd2000 	C:\Windows\SYSTEM32\WINMMBASE.dll
0x000007fa498f0000 - 0x000007fa498f9000 	C:\Windows\system32\NSI.dll
0x00000000554c0000 - 0x00000000554cf000 	C:\Program Files\Java\jre1.8.0_171\bin\verify.dll
0x0000000055490000 - 0x00000000554b9000 	C:\Program Files\Java\jre1.8.0_171\bin\java.dll
0x0000000055470000 - 0x0000000055486000 	C:\Program Files\Java\jre1.8.0_171\bin\zip.dll
0x000007fa4ac30000 - 0x000007fa4bf15000 	C:\Windows\system32\SHELL32.dll
0x000007fa4a3b0000 - 0x000007fa4a560000 	C:\Windows\SYSTEM32\combase.dll
0x000007fa49600000 - 0x000007fa49650000 	C:\Windows\system32\SHLWAPI.dll
0x000007fa47320000 - 0x000007fa473b6000 	C:\Windows\SYSTEM32\SHCORE.dll
0x000007fa48e60000 - 0x000007fa48e75000 	C:\Windows\SYSTEM32\profapi.dll
0x0000000055240000 - 0x000000005524d000 	C:\Program Files\Java\jre1.8.0_171\bin\management.dll
0x0000000055450000 - 0x000000005546a000 	C:\Program Files\Java\jre1.8.0_171\bin\net.dll
0x000007fa486b0000 - 0x000007fa4870c000 	C:\Windows\system32\mswsock.dll
0x000007fa40030000 - 0x000007fa40044000 	C:\Windows\system32\napinsp.dll
0x000007fa40010000 - 0x000007fa40028000 	C:\Windows\system32\pnrpnsp.dll
0x000007fa46b60000 - 0x000007fa46b76000 	C:\Windows\system32\NLAapi.dll
0x000007fa484f0000 - 0x000007fa48588000 	C:\Windows\SYSTEM32\DNSAPI.dll
0x000007fa3fff0000 - 0x000007fa40002000 	C:\Windows\System32\winrnr.dll
0x000007fa40ff0000 - 0x000007fa40ff8000 	C:\Windows\System32\rasadhlp.dll
0x000007fa449f0000 - 0x000007fa44a1c000 	C:\Windows\SYSTEM32\IPHLPAPI.DLL
0x000007fa449e0000 - 0x000007fa449ea000 	C:\Windows\SYSTEM32\WINNSI.DLL
0x000007fa44230000 - 0x000007fa4428f000 	C:\Windows\System32\fwpuclnt.dll
0x0000000055430000 - 0x0000000055441000 	C:\Program Files\Java\jre1.8.0_171\bin\nio.dll
0x000007fa45cf0000 - 0x000007fa45e53000 	C:\Windows\SYSTEM32\dbghelp.dll

VM Arguments:
jvm_args: -Dfile.encoding=UTF-8 
java_command: com.pges.PgesSgApplication
java_class_path (initial): E:\workspace\PGES_SG\target\classes;C:\Users\FAMILLE-PORIO\.m2\repository\org\springframework\boot\spring-boot-starter-data-jpa\1.5.7.RELEASE\spring-boot-starter-data-jpa-1.5.7.RELEASE.jar;C:\Users\FAMILLE-PORIO\.m2\repository\org\springframework\boot\spring-boot-starter\1.5.7.RELEASE\spring-boot-starter-1.5.7.RELEASE.jar;C:\Users\FAMILLE-PORIO\.m2\repository\org\springframework\boot\spring-boot-starter-logging\1.5.7.RELEASE\spring-boot-starter-logging-1.5.7.RELEASE.jar;C:\Users\FAMILLE-PORIO\.m2\repository\ch\qos\logback\logback-classic\1.1.11\logback-classic-1.1.11.jar;C:\Users\FAMILLE-PORIO\.m2\repository\ch\qos\logback\logback-core\1.1.11\logback-core-1.1.11.jar;C:\Users\FAMILLE-PORIO\.m2\repository\org\slf4j\jul-to-slf4j\1.7.25\jul-to-slf4j-1.7.25.jar;C:\Users\FAMILLE-PORIO\.m2\repository\org\slf4j\log4j-over-slf4j\1.7.25\log4j-over-slf4j-1.7.25.jar;C:\Users\FAMILLE-PORIO\.m2\repository\org\yaml\snakeyaml\1.17\snakeyaml-1.17.jar;C:\Users\FAMILLE-PORIO\.m2\repository\org\springframework\boot\spring-boot-starter-aop\1.5.7.RELEASE\spring-boot-starter-aop-1.5.7.RELEASE.jar;C:\Users\FAMILLE-PORIO\.m2\repository\org\springframework\spring-aop\4.3.11.RELEASE\spring-aop-4.3.11.RELEASE.jar;C:\Users\FAMILLE-PORIO\.m2\repository\org\aspectj\aspectjweaver\1.8.10\aspectjweaver-1.8.10.jar;C:\Users\FAMILLE-PORIO\.m2\repository\org\springframework\boot\spring-boot-starter-jdbc\1.5.7.RELEASE\spring-boot-starter-jdbc-1.5.7.RELEASE.jar;C:\Users\FAMILLE-PORIO\.m2\repository\org\apache\tomcat\tomcat-jdbc\8.5.20\tomcat-jdbc-8.5.20.jar;C:\Users\FAMILLE-PORIO\.m2\repository\org\apache\tomcat\tomcat-juli\8.5.20\tomcat-juli-8.5.20.jar;C:\Users\FAMILLE-PORIO\.m2\repository\org\springframework\spring-jdbc\4.3.11.RELEASE\spring-jdbc-4.3.11.RELEASE.jar;C:\Users\FAMILLE-PORIO\.m2\repository\org\hibernate\hibernate-core\5.0.12.Final\hibernate-core-5.0.12.Final.jar;C:\Users\FAMILLE-PORIO\.m2\repository\org\jboss\logging\jboss-logging\3.3.1.Final\jboss-logging-3.3.1
Launcher Type: SUN_STANDARD

Environment Variables:
PATH=C:/Program Files/Java/jre1.8.0_171/bin/server;C:/Program Files/Java/jre1.8.0_171/bin;C:/Program Files/Java/jre1.8.0_171/lib/amd64;C:\Program Files (x86)\Common Files\Oracle\Java\javapath;C:\Windows\system32;C:\Windows;C:\Windows\System32\Wbem;C:\Windows\System32\WindowsPowerShell\v1.0\;C:\Program Files\Java\jdk1.8.0_171\bin;D:\tools\eclipse;
USERNAME=FAMILLE-PORIO
OS=Windows_NT
PROCESSOR_IDENTIFIER=Intel64 Family 6 Model 15 Stepping 13, GenuineIntel



---------------  S Y S T E M  ---------------

OS: Windows 8 , 64 bit Build 9200 (6.2.9200.16384)

CPU:total 2 (initial active 2) (2 cores per cpu, 1 threads per core) family 6 model 15 stepping 13, cmov, cx8, fxsr, mmx, sse, sse2, sse3, ssse3, tsc

Memory: 4k page, physical 4184180k(2013904k free), swap 8378484k(5270352k free)

vm_info: Java HotSpot(TM) 64-Bit Server VM (25.171-b11) for windows-amd64 JRE (1.8.0_171-b11), built on Mar 28 2018 16:06:12 by "java_re" with MS VC++ 10.0 (VS2010)

time: Sat Jan 26 16:35:23 2019
elapsed time: 9 seconds (0d 0h 0m 9s)

