#
# A fatal error has been detected by the Java Runtime Environment:
#
#  EXCEPTION_ACCESS_VIOLATION (0xc0000005) at pc=0x0000000055973590, pid=1788, tid=0x0000000000000acc
#
# JRE version: Java(TM) SE Runtime Environment (8.0_171-b11) (build 1.8.0_171-b11)
# Java VM: Java HotSpot(TM) 64-Bit Server VM (25.171-b11 mixed mode windows-amd64 compressed oops)
# Problematic frame:
# V  [jvm.dll+0x4a3590]
#
# Failed to write core dump. Minidumps are not enabled by default on client versions of Windows
#
# If you would like to submit a bug report, please visit:
#   http://bugreport.java.com/bugreport/crash.jsp
#

---------------  T H R E A D  ---------------

Current thread (0x000000001470f800):  JavaThread "C2 CompilerThread0" daemon [_thread_in_native, id=2764, stack(0x0000000015750000,0x0000000015850000)]

siginfo: ExceptionCode=0xc0000005, reading address 0x0000000000000000

Registers:
RAX=0x0000000000000000, RBX=0x0000000016a1c960, RCX=0x0000000000000000, RDX=0x0000000000000000
RSP=0x000000001584c540, RBP=0x0000000000000005, RSI=0x0000000000000028, RDI=0x000000001584c590
R8 =0x0000000016a1caa0, R9 =0x000000001615c880, R10=0x00000000554d0000, R11=0x000000001584c360
R12=0x0000000055cf1000, R13=0x00000000554d0000, R14=0x0000000014738588, R15=0x00000000000003d8
RIP=0x0000000055973590, EFLAGS=0x0000000000010246

Top of Stack: (sp=0x000000001584c540)
0x000000001584c540:   000000001584ed10 0000000016a13c20
0x000000001584c550:   fffffffffffffff8 0000000002278530
0x000000001584c560:   00000000000007df 000000005596e68f
0x000000001584c570:   0000000016a1c960 0000000016a1c960
0x000000001584c580:   00000000000007df 000000001584c670
0x000000001584c590:   0000000000000000 0000000000000008
0x000000001584c5a0:   0000000000000000 0000000000000000
0x000000001584c5b0:   000000001478dfd8 0000000000000015
0x000000001584c5c0:   0000000016a1caa0 000000001584c960
0x000000001584c5d0:   00000000147381b0 000000001584c960
0x000000001584c5e0:   00000000147381a0 000000005593a451
0x000000001584c5f0:   0000000000000000 000000001584c6f0
0x000000001584c600:   0000000000000000 0000000000000010
0x000000001584c610:   0000000000000002 00000000147381a0
0x000000001584c620:   0000000016156390 000000001615cda8
0x000000001584c630:   000000001615e378 00000000003890e8 

Instructions: (pc=0x0000000055973590)
0x0000000055973570:   48 8b 4f 20 48 39 04 0e 0f 84 9d 00 00 00 48 8b
0x0000000055973580:   0c 0e 33 d2 33 c0 48 89 4f 10 66 0f 1f 44 00 00
0x0000000055973590:   83 3c 08 00 0f 85 36 01 00 00 ff c2 48 83 c0 04
0x00000000559735a0:   83 fa 08 72 eb 48 8b 47 30 48 89 44 24 30 48 85 


Register to memory mapping:

RAX=0x0000000000000000 is an unknown value
RBX=0x0000000016a1c960 is an unknown value
RCX=0x0000000000000000 is an unknown value
RDX=0x0000000000000000 is an unknown value
RSP=0x000000001584c540 is pointing into the stack for thread: 0x000000001470f800
RBP=0x0000000000000005 is an unknown value
RSI=0x0000000000000028 is an unknown value
RDI=0x000000001584c590 is pointing into the stack for thread: 0x000000001470f800
R8 =0x0000000016a1caa0 is an unknown value
R9 =0x000000001615c880 is an unknown value
R10=0x00000000554d0000 is an unknown value
R11=0x000000001584c360 is pointing into the stack for thread: 0x000000001470f800
R12=0x0000000055cf1000 is an unknown value
R13=0x00000000554d0000 is an unknown value
R14=0x0000000014738588 is an unknown value
R15=0x00000000000003d8 is an unknown value


Stack: [0x0000000015750000,0x0000000015850000],  sp=0x000000001584c540,  free space=1009k
Native frames: (J=compiled Java code, j=interpreted, Vv=VM code, C=native code)
V  [jvm.dll+0x4a3590]
V  [jvm.dll+0x49e68f]
V  [jvm.dll+0x46a451]
V  [jvm.dll+0x47585b]
V  [jvm.dll+0x478167]
V  [jvm.dll+0x45a902]
V  [jvm.dll+0xa6102]
V  [jvm.dll+0xa6a4f]
V  [jvm.dll+0x245adf]
V  [jvm.dll+0x29d40a]
C  [msvcr100.dll+0x21d9f]
C  [msvcr100.dll+0x21e3b]
C  [KERNEL32.DLL+0x167e]
C  [ntdll.dll+0x1c3f1]


Current CompileTask:
C2:   2019  592       4       sun.misc.URLClassPath::getResource (83 bytes)


---------------  P R O C E S S  ---------------

Java Threads: ( => current thread )
  0x000000001664b000 JavaThread "restartedMain" [_thread_in_vm, id=4144, stack(0x0000000017920000,0x0000000017a20000)]
  0x000000001664a800 JavaThread "Thread-0" [_thread_blocked, id=1004, stack(0x0000000017820000,0x0000000017920000)]
  0x0000000014778800 JavaThread "Service Thread" daemon [_thread_blocked, id=4840, stack(0x0000000015950000,0x0000000015a50000)]
  0x0000000014715800 JavaThread "C1 CompilerThread1" daemon [_thread_blocked, id=2516, stack(0x0000000015850000,0x0000000015950000)]
=>0x000000001470f800 JavaThread "C2 CompilerThread0" daemon [_thread_in_native, id=2764, stack(0x0000000015750000,0x0000000015850000)]
  0x000000001470e000 JavaThread "Attach Listener" daemon [_thread_blocked, id=4204, stack(0x0000000015650000,0x0000000015750000)]
  0x000000001470a800 JavaThread "Signal Dispatcher" daemon [_thread_blocked, id=1632, stack(0x0000000015550000,0x0000000015650000)]
  0x000000000227b800 JavaThread "Finalizer" daemon [_thread_blocked, id=4100, stack(0x0000000015350000,0x0000000015450000)]
  0x0000000002271800 JavaThread "Reference Handler" daemon [_thread_blocked, id=1852, stack(0x0000000015250000,0x0000000015350000)]
  0x0000000002185000 JavaThread "main" [_thread_blocked, id=2740, stack(0x0000000001da0000,0x0000000001ea0000)]

Other Threads:
  0x00000000146d5800 VMThread [stack: 0x0000000015150000,0x0000000015250000] [id=4116]
  0x000000001479b000 WatcherThread [stack: 0x0000000015a50000,0x0000000015b50000] [id=1564]

VM state:not at safepoint (normal execution)

VM Mutex/Monitor currently owned by a thread: None

Heap:
 PSYoungGen      total 18944K, used 10926K [0x00000000eab80000, 0x00000000ed080000, 0x0000000100000000)
  eden space 16384K, 51% used [0x00000000eab80000,0x00000000eb3b3728,0x00000000ebb80000)
  from space 2560K, 98% used [0x00000000ebb80000,0x00000000ebdf8110,0x00000000ebe00000)
  to   space 2560K, 0% used [0x00000000ece00000,0x00000000ece00000,0x00000000ed080000)
 ParOldGen       total 44032K, used 464K [0x00000000c0200000, 0x00000000c2d00000, 0x00000000eab80000)
  object space 44032K, 1% used [0x00000000c0200000,0x00000000c0274290,0x00000000c2d00000)
 Metaspace       used 7928K, capacity 8012K, committed 8192K, reserved 1056768K
  class space    used 971K, capacity 985K, committed 1024K, reserved 1048576K

Card table byte_map: [0x0000000011640000,0x0000000011840000] byte_map_base: 0x000000001103f000

Marking Bits: (ParMarkBitMap*) 0x0000000055cf08c0
 Begin Bits: [0x0000000011ba0000, 0x0000000012b98000)
 End Bits:   [0x0000000012b98000, 0x0000000013b90000)

Polling page: 0x0000000001d50000

CodeCache: size=245760Kb used=2872Kb max_used=2872Kb free=242887Kb
 bounds [0x0000000002280000, 0x0000000002550000, 0x0000000011280000]
 total_blobs=975 nmethods=687 adapters=203
 compilation: enabled

Compilation events (10 events):
Event: 1.981 Thread 0x0000000014715800  675       1       java.lang.String::toString (2 bytes)
Event: 1.981 Thread 0x0000000014715800 nmethod 675 0x000000000254ac90 code [0x000000000254ade0, 0x000000000254aef0]
Event: 1.982 Thread 0x0000000014715800  676       2       java.util.Hashtable::addEntry (87 bytes)
Event: 1.982 Thread 0x0000000014715800 nmethod 676 0x000000000254af50 code [0x000000000254b0e0, 0x000000000254b458]
Event: 1.988 Thread 0x0000000014715800  677       1       java.lang.reflect.Method::getModifiers (5 bytes)
Event: 1.988 Thread 0x0000000014715800 nmethod 677 0x000000000254b690 code [0x000000000254b7e0, 0x000000000254b8f0]
Event: 1.988 Thread 0x0000000014715800  679       2       java.lang.reflect.Method::equals (69 bytes)
Event: 1.989 Thread 0x0000000014715800 nmethod 679 0x000000000254b950 code [0x000000000254bac0, 0x000000000254bd48]
Event: 1.989 Thread 0x0000000014715800  678       2       java.lang.Class$MethodArray::matchesNameAndDescriptor (42 bytes)
Event: 1.990 Thread 0x0000000014715800 nmethod 678 0x000000000254be50 code [0x000000000254bfe0, 0x000000000254c268]

GC Heap History (6 events):
Event: 1.232 GC heap before
{Heap before GC invocations=1 (full 0):
 PSYoungGen      total 18944K, used 16384K [0x00000000eab80000, 0x00000000ec080000, 0x0000000100000000)
  eden space 16384K, 100% used [0x00000000eab80000,0x00000000ebb80000,0x00000000ebb80000)
  from space 2560K, 0% used [0x00000000ebe00000,0x00000000ebe00000,0x00000000ec080000)
  to   space 2560K, 0% used [0x00000000ebb80000,0x00000000ebb80000,0x00000000ebe00000)
 ParOldGen       total 44032K, used 0K [0x00000000c0200000, 0x00000000c2d00000, 0x00000000eab80000)
  object space 44032K, 0% used [0x00000000c0200000,0x00000000c0200000,0x00000000c2d00000)
 Metaspace       used 5962K, capacity 6118K, committed 6144K, reserved 1056768K
  class space    used 711K, capacity 759K, committed 768K, reserved 1048576K
Event: 1.240 GC heap after
Heap after GC invocations=1 (full 0):
 PSYoungGen      total 18944K, used 2535K [0x00000000eab80000, 0x00000000ec080000, 0x0000000100000000)
  eden space 16384K, 0% used [0x00000000eab80000,0x00000000eab80000,0x00000000ebb80000)
  from space 2560K, 99% used [0x00000000ebb80000,0x00000000ebdf9dd0,0x00000000ebe00000)
  to   space 2560K, 0% used [0x00000000ebe00000,0x00000000ebe00000,0x00000000ec080000)
 ParOldGen       total 44032K, used 273K [0x00000000c0200000, 0x00000000c2d00000, 0x00000000eab80000)
  object space 44032K, 0% used [0x00000000c0200000,0x00000000c0244768,0x00000000c2d00000)
 Metaspace       used 5962K, capacity 6118K, committed 6144K, reserved 1056768K
  class space    used 711K, capacity 759K, committed 768K, reserved 1048576K
}
Event: 1.355 GC heap before
{Heap before GC invocations=2 (full 0):
 PSYoungGen      total 18944K, used 18916K [0x00000000eab80000, 0x00000000ec080000, 0x0000000100000000)
  eden space 16384K, 99% used [0x00000000eab80000,0x00000000ebb7f618,0x00000000ebb80000)
  from space 2560K, 99% used [0x00000000ebb80000,0x00000000ebdf9dd0,0x00000000ebe00000)
  to   space 2560K, 0% used [0x00000000ebe00000,0x00000000ebe00000,0x00000000ec080000)
 ParOldGen       total 44032K, used 273K [0x00000000c0200000, 0x00000000c2d00000, 0x00000000eab80000)
  object space 44032K, 0% used [0x00000000c0200000,0x00000000c0244768,0x00000000c2d00000)
 Metaspace       used 6252K, capacity 6374K, committed 6400K, reserved 1056768K
  class space    used 747K, capacity 759K, committed 768K, reserved 1048576K
Event: 1.361 GC heap after
Heap after GC invocations=2 (full 0):
 PSYoungGen      total 18944K, used 1913K [0x00000000eab80000, 0x00000000ed080000, 0x0000000100000000)
  eden space 16384K, 0% used [0x00000000eab80000,0x00000000eab80000,0x00000000ebb80000)
  from space 2560K, 74% used [0x00000000ebe00000,0x00000000ebfde5e0,0x00000000ec080000)
  to   space 2560K, 0% used [0x00000000ebb80000,0x00000000ebb80000,0x00000000ebe00000)
 ParOldGen       total 44032K, used 281K [0x00000000c0200000, 0x00000000c2d00000, 0x00000000eab80000)
  object space 44032K, 0% used [0x00000000c0200000,0x00000000c0246768,0x00000000c2d00000)
 Metaspace       used 6252K, capacity 6374K, committed 6400K, reserved 1056768K
  class space    used 747K, capacity 759K, committed 768K, reserved 1048576K
}
Event: 1.675 GC heap before
{Heap before GC invocations=3 (full 0):
 PSYoungGen      total 18944K, used 18297K [0x00000000eab80000, 0x00000000ed080000, 0x0000000100000000)
  eden space 16384K, 100% used [0x00000000eab80000,0x00000000ebb80000,0x00000000ebb80000)
  from space 2560K, 74% used [0x00000000ebe00000,0x00000000ebfde5e0,0x00000000ec080000)
  to   space 2560K, 0% used [0x00000000ebb80000,0x00000000ebb80000,0x00000000ebe00000)
 ParOldGen       total 44032K, used 281K [0x00000000c0200000, 0x00000000c2d00000, 0x00000000eab80000)
  object space 44032K, 0% used [0x00000000c0200000,0x00000000c0246768,0x00000000c2d00000)
 Metaspace       used 7121K, capacity 7276K, committed 7296K, reserved 1056768K
  class space    used 855K, capacity 889K, committed 896K, reserved 1048576K
Event: 1.686 GC heap after
Heap after GC invocations=3 (full 0):
 PSYoungGen      total 18944K, used 2528K [0x00000000eab80000, 0x00000000ed080000, 0x0000000100000000)
  eden space 16384K, 0% used [0x00000000eab80000,0x00000000eab80000,0x00000000ebb80000)
  from space 2560K, 98% used [0x00000000ebb80000,0x00000000ebdf8110,0x00000000ebe00000)
  to   space 2560K, 0% used [0x00000000ece00000,0x00000000ece00000,0x00000000ed080000)
 ParOldGen       total 44032K, used 464K [0x00000000c0200000, 0x00000000c2d00000, 0x00000000eab80000)
  object space 44032K, 1% used [0x00000000c0200000,0x00000000c0274290,0x00000000c2d00000)
 Metaspace       used 7121K, capacity 7276K, committed 7296K, reserved 1056768K
  class space    used 855K, capacity 889K, committed 896K, reserved 1048576K
}

Deoptimization events (4 events):
Event: 0.503 Thread 0x0000000002185000 Uncommon trap: reason=unstable_if action=reinterpret pc=0x00000000023957a0 method=java.lang.String.hashCode()I @ 14
Event: 1.346 Thread 0x0000000002185000 Uncommon trap: reason=unstable_if action=reinterpret pc=0x00000000024d8a84 method=java.util.jar.Manifest$FastInputStream.readLine([BII)I @ 87
Event: 1.483 Thread 0x000000001664b000 Uncommon trap: reason=class_check action=maybe_recompile pc=0x00000000024481f8 method=sun.misc.URLClassPath.getLoader(I)Lsun/misc/URLClassPath$Loader; @ 94
Event: 1.584 Thread 0x000000001664b000 Uncommon trap: reason=unstable_if action=reinterpret pc=0x0000000002411974 method=java.lang.String.indexOf([CII[CIII)I @ 3

Classes redefined (0 events):
No events

Internal exceptions (10 events):
Event: 1.157 Thread 0x0000000002185000 Exception <a 'java/lang/ArrayIndexOutOfBoundsException'> (0x00000000eb8c55b0) thrown at [C:\re\workspace\8-2-build-windows-amd64-cygwin\jdk8u171\10807\hotspot\src\share\vm\runtime\sharedRuntime.cpp, line 605]
Event: 1.160 Thread 0x0000000002185000 Exception <a 'java/lang/ArrayIndexOutOfBoundsException'> (0x00000000eb8d3070) thrown at [C:\re\workspace\8-2-build-windows-amd64-cygwin\jdk8u171\10807\hotspot\src\share\vm\runtime\sharedRuntime.cpp, line 605]
Event: 1.161 Thread 0x0000000002185000 Exception <a 'java/lang/ArrayIndexOutOfBoundsException'> (0x00000000eb8e0bc0) thrown at [C:\re\workspace\8-2-build-windows-amd64-cygwin\jdk8u171\10807\hotspot\src\share\vm\runtime\sharedRuntime.cpp, line 605]
Event: 1.163 Thread 0x0000000002185000 Exception <a 'java/lang/ArrayIndexOutOfBoundsException'> (0x00000000eb8ee660) thrown at [C:\re\workspace\8-2-build-windows-amd64-cygwin\jdk8u171\10807\hotspot\src\share\vm\runtime\sharedRuntime.cpp, line 605]
Event: 1.164 Thread 0x0000000002185000 Exception <a 'java/lang/ArrayIndexOutOfBoundsException'> (0x00000000eb8fd310) thrown at [C:\re\workspace\8-2-build-windows-amd64-cygwin\jdk8u171\10807\hotspot\src\share\vm\runtime\sharedRuntime.cpp, line 605]
Event: 1.167 Thread 0x0000000002185000 Exception <a 'java/lang/ArrayIndexOutOfBoundsException'> (0x00000000eb90d798) thrown at [C:\re\workspace\8-2-build-windows-amd64-cygwin\jdk8u171\10807\hotspot\src\share\vm\runtime\sharedRuntime.cpp, line 605]
Event: 1.170 Thread 0x0000000002185000 Exception <a 'java/lang/ArrayIndexOutOfBoundsException'> (0x00000000eb91e3f0) thrown at [C:\re\workspace\8-2-build-windows-amd64-cygwin\jdk8u171\10807\hotspot\src\share\vm\runtime\sharedRuntime.cpp, line 605]
Event: 1.439 Thread 0x0000000002185000 Exception <a 'java/lang/NoSuchMethodError': org.slf4j.impl.StaticMDCBinder.getSingleton()Lorg/slf4j/impl/StaticMDCBinder;> (0x00000000eb5e08b8) thrown at [C:\re\workspace\8-2-build-windows-amd64-cygwin\jdk8u171\10807\hotspot\src\share\vm\interpreter\linkR
Event: 1.617 Thread 0x000000001664b000 Exception <a 'java/io/FileNotFoundException'> (0x00000000eba41300) thrown at [C:\re\workspace\8-2-build-windows-amd64-cygwin\jdk8u171\10807\hotspot\src\share\vm\prims\jni.cpp, line 709]
Event: 1.997 Thread 0x000000001664b000 Exception <a 'java/lang/ClassNotFoundException': java/lang/ObjectCustomizer> (0x00000000eb3097e8) thrown at [C:\re\workspace\8-2-build-windows-amd64-cygwin\jdk8u171\10807\hotspot\src\share\vm\classfile\systemDictionary.cpp, line 210]

Events (10 events):
Event: 2.000 loading class sun/reflect/generics/scope/MethodScope
Event: 2.000 loading class sun/reflect/generics/scope/MethodScope done
Event: 2.000 loading class sun/reflect/generics/repository/MethodRepository
Event: 2.000 loading class sun/reflect/generics/repository/ConstructorRepository
Event: 2.000 loading class sun/reflect/generics/repository/ConstructorRepository done
Event: 2.000 loading class sun/reflect/generics/repository/MethodRepository done
Event: 2.001 loading class sun/reflect/generics/tree/MethodTypeSignature
Event: 2.001 loading class sun/reflect/generics/tree/MethodTypeSignature done
Event: 2.001 loading class com/sun/beans/WildcardTypeImpl
Event: 2.001 loading class com/sun/beans/WildcardTypeImpl done


Dynamic libraries:
0x000007f7794e0000 - 0x000007f779517000 	C:\Program Files\Java\jre1.8.0_171\bin\javaw.exe
0x000007fa4bf30000 - 0x000007fa4c0ee000 	C:\Windows\SYSTEM32\ntdll.dll
0x000007fa493a0000 - 0x000007fa494d6000 	C:\Windows\system32\KERNEL32.DLL
0x000007fa49190000 - 0x000007fa49283000 	C:\Windows\system32\KERNELBASE.dll
0x000007fa4ab50000 - 0x000007fa4ac2e000 	C:\Windows\system32\ADVAPI32.dll
0x000007fa49900000 - 0x000007fa49a4c000 	C:\Windows\system32\USER32.dll
0x000007fa46ec0000 - 0x000007fa47129000 	C:\Windows\WinSxS\amd64_microsoft.windows.common-controls_6595b64144ccf1df_6.0.9200.16384_none_418c2a697189c07f\COMCTL32.dll
0x000007fa49550000 - 0x000007fa495f5000 	C:\Windows\system32\msvcrt.dll
0x000007fa4a700000 - 0x000007fa4a748000 	C:\Windows\SYSTEM32\sechost.dll
0x000007fa49d70000 - 0x000007fa49eb0000 	C:\Windows\system32\RPCRT4.dll
0x000007fa497b0000 - 0x000007fa498f0000 	C:\Windows\system32\GDI32.dll
0x000007fa49650000 - 0x000007fa49689000 	C:\Windows\system32\IMM32.DLL
0x000007fa49690000 - 0x000007fa497a4000 	C:\Windows\system32\MSCTF.dll
0x0000000055250000 - 0x0000000055322000 	C:\Program Files\Java\jre1.8.0_171\bin\msvcr100.dll
0x00000000554d0000 - 0x0000000055d70000 	C:\Program Files\Java\jre1.8.0_171\bin\server\jvm.dll
0x000007fa46590000 - 0x000007fa46599000 	C:\Windows\SYSTEM32\WSOCK32.dll
0x000007fa3fce0000 - 0x000007fa3fd00000 	C:\Windows\SYSTEM32\WINMM.dll
0x000007fa451b0000 - 0x000007fa451b9000 	C:\Windows\SYSTEM32\VERSION.dll
0x000007fa49f20000 - 0x000007fa49f27000 	C:\Windows\system32\PSAPI.DLL
0x000007fa4aaf0000 - 0x000007fa4ab48000 	C:\Windows\system32\WS2_32.dll
0x000007fa3fca0000 - 0x000007fa3fcd2000 	C:\Windows\SYSTEM32\WINMMBASE.dll
0x000007fa498f0000 - 0x000007fa498f9000 	C:\Windows\system32\NSI.dll
0x00000000554c0000 - 0x00000000554cf000 	C:\Program Files\Java\jre1.8.0_171\bin\verify.dll
0x0000000055490000 - 0x00000000554b9000 	C:\Program Files\Java\jre1.8.0_171\bin\java.dll
0x0000000055470000 - 0x0000000055486000 	C:\Program Files\Java\jre1.8.0_171\bin\zip.dll
0x000007fa4ac30000 - 0x000007fa4bf15000 	C:\Windows\system32\SHELL32.dll
0x000007fa4a3b0000 - 0x000007fa4a560000 	C:\Windows\SYSTEM32\combase.dll
0x000007fa49600000 - 0x000007fa49650000 	C:\Windows\system32\SHLWAPI.dll
0x000007fa47320000 - 0x000007fa473b6000 	C:\Windows\SYSTEM32\SHCORE.dll
0x000007fa48e60000 - 0x000007fa48e75000 	C:\Windows\SYSTEM32\profapi.dll
0x000007fa45cf0000 - 0x000007fa45e53000 	C:\Windows\SYSTEM32\dbghelp.dll

VM Arguments:
jvm_args: -Dfile.encoding=UTF-8 
java_command: com.pges.PgesSgApplication
java_class_path (initial): E:\workspace\PGES_SG\target\classes;C:\Users\FAMILLE-PORIO\.m2\repository\org\springframework\boot\spring-boot-starter-data-jpa\1.5.7.RELEASE\spring-boot-starter-data-jpa-1.5.7.RELEASE.jar;C:\Users\FAMILLE-PORIO\.m2\repository\org\springframework\boot\spring-boot-starter\1.5.7.RELEASE\spring-boot-starter-1.5.7.RELEASE.jar;C:\Users\FAMILLE-PORIO\.m2\repository\org\springframework\boot\spring-boot-starter-logging\1.5.7.RELEASE\spring-boot-starter-logging-1.5.7.RELEASE.jar;C:\Users\FAMILLE-PORIO\.m2\repository\ch\qos\logback\logback-classic\1.1.11\logback-classic-1.1.11.jar;C:\Users\FAMILLE-PORIO\.m2\repository\ch\qos\logback\logback-core\1.1.11\logback-core-1.1.11.jar;C:\Users\FAMILLE-PORIO\.m2\repository\org\slf4j\jul-to-slf4j\1.7.25\jul-to-slf4j-1.7.25.jar;C:\Users\FAMILLE-PORIO\.m2\repository\org\slf4j\log4j-over-slf4j\1.7.25\log4j-over-slf4j-1.7.25.jar;C:\Users\FAMILLE-PORIO\.m2\repository\org\yaml\snakeyaml\1.17\snakeyaml-1.17.jar;C:\Users\FAMILLE-PORIO\.m2\repository\org\springframework\boot\spring-boot-starter-aop\1.5.7.RELEASE\spring-boot-starter-aop-1.5.7.RELEASE.jar;C:\Users\FAMILLE-PORIO\.m2\repository\org\springframework\spring-aop\4.3.11.RELEASE\spring-aop-4.3.11.RELEASE.jar;C:\Users\FAMILLE-PORIO\.m2\repository\org\aspectj\aspectjweaver\1.8.10\aspectjweaver-1.8.10.jar;C:\Users\FAMILLE-PORIO\.m2\repository\org\springframework\boot\spring-boot-starter-jdbc\1.5.7.RELEASE\spring-boot-starter-jdbc-1.5.7.RELEASE.jar;C:\Users\FAMILLE-PORIO\.m2\repository\org\apache\tomcat\tomcat-jdbc\8.5.20\tomcat-jdbc-8.5.20.jar;C:\Users\FAMILLE-PORIO\.m2\repository\org\apache\tomcat\tomcat-juli\8.5.20\tomcat-juli-8.5.20.jar;C:\Users\FAMILLE-PORIO\.m2\repository\org\springframework\spring-jdbc\4.3.11.RELEASE\spring-jdbc-4.3.11.RELEASE.jar;C:\Users\FAMILLE-PORIO\.m2\repository\org\hibernate\hibernate-core\5.0.12.Final\hibernate-core-5.0.12.Final.jar;C:\Users\FAMILLE-PORIO\.m2\repository\org\jboss\logging\jboss-logging\3.3.1.Final\jboss-logging-3.3.1
Launcher Type: SUN_STANDARD

Environment Variables:
PATH=C:/Program Files/Java/jre1.8.0_171/bin/server;C:/Program Files/Java/jre1.8.0_171/bin;C:/Program Files/Java/jre1.8.0_171/lib/amd64;C:\Program Files (x86)\Common Files\Oracle\Java\javapath;C:\Windows\system32;C:\Windows;C:\Windows\System32\Wbem;C:\Windows\System32\WindowsPowerShell\v1.0\;C:\Program Files\Java\jdk1.8.0_171\bin;D:\tools\eclipse;
USERNAME=FAMILLE-PORIO
OS=Windows_NT
PROCESSOR_IDENTIFIER=Intel64 Family 6 Model 15 Stepping 13, GenuineIntel



---------------  S Y S T E M  ---------------

OS: Windows 8 , 64 bit Build 9200 (6.2.9200.16384)

CPU:total 2 (initial active 2) (2 cores per cpu, 1 threads per core) family 6 model 15 stepping 13, cmov, cx8, fxsr, mmx, sse, sse2, sse3, ssse3, tsc

Memory: 4k page, physical 4184180k(2072452k free), swap 8378484k(5398080k free)

vm_info: Java HotSpot(TM) 64-Bit Server VM (25.171-b11) for windows-amd64 JRE (1.8.0_171-b11), built on Mar 28 2018 16:06:12 by "java_re" with MS VC++ 10.0 (VS2010)

time: Sat Jan 26 16:39:15 2019
elapsed time: 2 seconds (0d 0h 0m 2s)

