#
# A fatal error has been detected by the Java Runtime Environment:
#
#  EXCEPTION_ACCESS_VIOLATION (0xc0000005) at pc=0x0000000050da49d6, pid=2976, tid=0x0000000000000be8
#
# JRE version: Java(TM) SE Runtime Environment (8.0_171-b11) (build 1.8.0_171-b11)
# Java VM: Java HotSpot(TM) 64-Bit Server VM (25.171-b11 mixed mode windows-amd64 compressed oops)
# Problematic frame:
# V  [jvm.dll+0x4049d6]
#
# Failed to write core dump. Minidumps are not enabled by default on client versions of Windows
#
# If you would like to submit a bug report, please visit:
#   http://bugreport.java.com/bugreport/crash.jsp
#

---------------  T H R E A D  ---------------

Current thread (0x000000000249c800):  GCTaskThread [stack: 0x0000000011ca0000,0x0000000011da0000] [id=3048]

siginfo: ExceptionCode=0xc0000005, reading address 0xffffffffffffffff

Registers:
RAX=0x0000000050ff8818, RBX=0x1f0100000166febf, RCX=0x0000000011d9f6b0, RDX=0x1f0100000166febf
RSP=0x0000000011d9f600, RBP=0x0000000000000000, RSI=0x0000000011d9f6b0, RDI=0x00000000149d94c0
R8 =0x00000001002de320, R9 =0x0000000000000005, R10=0x00000000200003df, R11=0x0000000050ff8760
R12=0x0000000011d9f680, R13=0x00000000024934d0, R14=0x000000000249cc50, R15=0x000000000249cc60
RIP=0x0000000050da49d6, EFLAGS=0x0000000000010206

Top of Stack: (sp=0x0000000011d9f600)
0x0000000011d9f600:   0000000011d9f6b0 0000000000000000
0x0000000011d9f610:   0000000000000000 00000000173907d0
0x0000000011d9f620:   1f0100000166febf 0000000050a02ebc
0x0000000011d9f630:   0000000000000000 0000000000000000
0x0000000011d9f640:   00000000149d94c0 0000000011d9f6b0
0x0000000011d9f650:   0000000050ff84b0 0000000050da4c03
0x0000000011d9f660:   000000001796a330 0000000011d9f6e0
0x0000000011d9f670:   0000000000000000 000000000256cb40
0x0000000011d9f680:   0000000050ff85d0 0000000050da4d00
0x0000000011d9f690:   000000000256cb40 0000000050ff8828
0x0000000011d9f6a0:   0000000000000000 000000000256cb40
0x0000000011d9f6b0:   0000000050ff8818 000000000249cc00
0x0000000011d9f6c0:   0000000050ff8760 0000000050d92f00
0x0000000011d9f6d0:   000000000256cb40 0000000000000000
0x0000000011d9f6e0:   000000001796a330 000000000249c800
0x0000000011d9f6f0:   0000000000000000 0000000050d93c9e 

Instructions: (pc=0x0000000050da49d6)
0x0000000050da49b6:   0d c5 3d 25 00 ba 83 00 00 00 e8 8b 1a e7 ff 48
0x0000000050da49c6:   83 c4 28 e9 92 24 e9 ff cc cc 40 53 48 83 ec 20
0x0000000050da49d6:   80 ba c0 00 00 00 01 4c 8b c2 48 8b d9 75 23 c6
0x0000000050da49e6:   82 c0 00 00 00 00 48 89 51 28 48 8b 02 48 8d 51 


Register to memory mapping:

RAX=0x0000000050ff8818 is an unknown value
RBX=0x1f0100000166febf is an unknown value
RCX=0x0000000011d9f6b0 is an unknown value
RDX=0x1f0100000166febf is an unknown value
RSP=0x0000000011d9f600 is an unknown value
RBP=0x0000000000000000 is an unknown value
RSI=0x0000000011d9f6b0 is an unknown value
RDI=0x00000000149d94c0 is an unknown value
R8 =0x00000001002de320 is pointing into metadata
R9 =0x0000000000000005 is an unknown value
R10=0x00000000200003df is an unknown value
R11=0x0000000050ff8760 is an unknown value
R12=0x0000000011d9f680 is an unknown value
R13=0x00000000024934d0 is an unknown value
R14=0x000000000249cc50 is an unknown value
R15=0x000000000249cc60 is an unknown value


Stack: [0x0000000011ca0000,0x0000000011da0000],  sp=0x0000000011d9f600,  free space=1021k
Native frames: (J=compiled Java code, j=interpreted, Vv=VM code, C=native code)


---------------  P R O C E S S  ---------------

Java Threads: ( => current thread )
  0x000000001d6cb000 JavaThread "DestroyJavaVM" [_thread_blocked, id=4532, stack(0x00000000020a0000,0x00000000021a0000)]
  0x000000001d6ca800 JavaThread "http-nio-8080-AsyncTimeout" daemon [_thread_blocked, id=2348, stack(0x000000001ef60000,0x000000001f060000)]
  0x0000000019e0b000 JavaThread "http-nio-8080-Acceptor-0" daemon [_thread_in_native, id=988, stack(0x000000001ee60000,0x000000001ef60000)]
  0x0000000019e09000 JavaThread "http-nio-8080-ClientPoller-1" daemon [_thread_in_native, id=4564, stack(0x000000001ed60000,0x000000001ee60000)]
  0x0000000019e0a800 JavaThread "http-nio-8080-ClientPoller-0" daemon [_thread_blocked, id=4232, stack(0x000000001ec60000,0x000000001ed60000)]
  0x0000000019e09800 JavaThread "http-nio-8080-exec-10" daemon [_thread_blocked, id=4020, stack(0x000000001eb60000,0x000000001ec60000)]
  0x0000000019e08000 JavaThread "http-nio-8080-exec-9" daemon [_thread_blocked, id=4384, stack(0x000000001ea60000,0x000000001eb60000)]
  0x0000000019e55000 JavaThread "http-nio-8080-exec-8" daemon [_thread_blocked, id=944, stack(0x000000001e960000,0x000000001ea60000)]
  0x0000000019e58800 JavaThread "http-nio-8080-exec-7" daemon [_thread_blocked, id=4668, stack(0x000000001e860000,0x000000001e960000)]
  0x0000000019e52000 JavaThread "http-nio-8080-exec-6" daemon [_thread_blocked, id=3820, stack(0x000000001e760000,0x000000001e860000)]
  0x0000000019e54000 JavaThread "http-nio-8080-exec-5" daemon [_thread_blocked, id=1948, stack(0x000000001e660000,0x000000001e760000)]
  0x0000000019e58000 JavaThread "http-nio-8080-exec-4" daemon [_thread_blocked, id=4064, stack(0x000000001e560000,0x000000001e660000)]
  0x0000000019e56800 JavaThread "http-nio-8080-exec-3" daemon [_thread_blocked, id=2872, stack(0x000000001e460000,0x000000001e560000)]
  0x0000000019e55800 JavaThread "http-nio-8080-exec-2" daemon [_thread_blocked, id=2680, stack(0x000000001d0a0000,0x000000001d1a0000)]
  0x0000000019e57000 JavaThread "http-nio-8080-exec-1" daemon [_thread_blocked, id=3112, stack(0x000000001cfa0000,0x000000001d0a0000)]
  0x0000000019e53800 JavaThread "NioBlockingSelector.BlockPoller-1" daemon [_thread_blocked, id=3176, stack(0x000000001cea0000,0x000000001cfa0000)]
  0x0000000019e52800 JavaThread "Live Reload Server" daemon [_thread_in_native, id=3288, stack(0x000000001a7d0000,0x000000001a8d0000)]
  0x00000000167d9000 JavaThread "File Watcher" daemon [_thread_blocked, id=4888, stack(0x0000000018300000,0x0000000018400000)]
  0x0000000017985800 JavaThread "Abandoned connection cleanup thread" daemon [_thread_blocked, id=3696, stack(0x000000001add0000,0x000000001aed0000)]
  0x0000000019b57000 JavaThread "Tomcat JDBC Pool Cleaner[1943105171:1549640332135]" daemon [_thread_blocked, id=2656, stack(0x000000001aad0000,0x000000001abd0000)]
  0x0000000017b9e000 JavaThread "container-0" [_thread_blocked, id=3904, stack(0x000000001a9d0000,0x000000001aad0000)]
  0x0000000017ff7000 JavaThread "ContainerBackgroundProcessor[StandardEngine[Tomcat]]" daemon [_thread_blocked, id=3584, stack(0x000000001a8d0000,0x000000001a9d0000)]
  0x0000000014a68000 JavaThread "Service Thread" daemon [_thread_blocked, id=4372, stack(0x0000000015e30000,0x0000000015f30000)]
  0x00000000149fc000 JavaThread "C1 CompilerThread1" daemon [_thread_blocked, id=3876, stack(0x0000000015d30000,0x0000000015e30000)]
  0x00000000149f8000 JavaThread "C2 CompilerThread0" daemon [_thread_blocked, id=4560, stack(0x0000000015c30000,0x0000000015d30000)]
  0x00000000149f1800 JavaThread "Attach Listener" daemon [_thread_blocked, id=3772, stack(0x0000000015b30000,0x0000000015c30000)]
  0x00000000149ee000 JavaThread "Signal Dispatcher" daemon [_thread_blocked, id=5004, stack(0x0000000015a30000,0x0000000015b30000)]
  0x000000000257d000 JavaThread "Finalizer" daemon [_thread_blocked, id=2460, stack(0x0000000015620000,0x0000000015720000)]
  0x0000000002572800 JavaThread "Reference Handler" daemon [_thread_blocked, id=1664, stack(0x0000000015520000,0x0000000015620000)]

Other Threads:
  0x00000000149b5000 VMThread [stack: 0x0000000015420000,0x0000000015520000] [id=3992]
  0x0000000014a8b000 WatcherThread [stack: 0x0000000016330000,0x0000000016430000] [id=4324]

=>0x000000000249c800 (exited) GCTaskThread [stack: 0x0000000011ca0000,0x0000000011da0000] [id=3048]

VM state:at safepoint (normal execution)

VM Mutex/Monitor currently owned by a thread:  ([mutex/lock_event])
[0x00000000024832d0] Threads_lock - owner thread: 0x00000000149b5000
[0x0000000002483c50] Heap_lock - owner thread: 0x00000000167d9000

Heap:
 PSYoungGen      total 312320K, used 293703K [0x00000000eab80000, 0x00000000ffe00000, 0x0000000100000000)
  eden space 287232K, 100% used [0x00000000eab80000,0x00000000fc400000,0x00000000fc400000)
  from space 25088K, 25% used [0x00000000fc400000,0x00000000fca51c30,0x00000000fdc80000)
  to   space 24576K, 15% used [0x00000000fe600000,0x00000000fe9a6070,0x00000000ffe00000)
 ParOldGen       total 111104K, used 46221K [0x00000000c0200000, 0x00000000c6e80000, 0x00000000eab80000)
  object space 111104K, 41% used [0x00000000c0200000,0x00000000c2f23660,0x00000000c6e80000)
 Metaspace       used 60961K, capacity 62194K, committed 62464K, reserved 1103872K
  class space    used 7599K, capacity 7910K, committed 7936K, reserved 1048576K

Card table byte_map: [0x0000000011940000,0x0000000011b40000] byte_map_base: 0x000000001133f000

Marking Bits: (ParMarkBitMap*) 0x00000000511c08c0
 Begin Bits: [0x0000000011ea0000, 0x0000000012e98000)
 End Bits:   [0x0000000012e98000, 0x0000000013e90000)

Polling page: 0x00000000006d0000

CodeCache: size=245760Kb used=24591Kb max_used=24794Kb free=221168Kb
 bounds [0x0000000002580000, 0x0000000003de0000, 0x0000000011580000]
 total_blobs=8136 nmethods=7312 adapters=738
 compilation: enabled

Compilation events (10 events):
Event: 1931.450 Thread 0x00000000149fc000 8559       1       org.apache.catalina.core.ContainerBase::access$100 (5 bytes)
Event: 1931.451 Thread 0x00000000149fc000 nmethod 8559 0x00000000026ba050 code [0x00000000026ba1a0, 0x00000000026ba290]
Event: 1932.390 Thread 0x00000000149fc000 8560   !   3       org.apache.tomcat.jdbc.pool.ConnectionPool$PoolCleaner::run (114 bytes)
Event: 1932.394 Thread 0x00000000149fc000 nmethod 8560 0x0000000002d22790 code [0x0000000002d22a20, 0x0000000002d237b8]
Event: 2051.451 Thread 0x00000000149fc000 8561       3       java.lang.Thread::setContextClassLoader (27 bytes)
Event: 2051.454 Thread 0x00000000149fc000 nmethod 8561 0x000000000268c050 code [0x000000000268c200, 0x000000000268c738]
Event: 2659.346 Thread 0x00000000149fc000 8562       3       java.util.concurrent.ConcurrentHashMap$ValuesView::iterator (34 bytes)
Event: 2659.346 Thread 0x00000000149fc000 nmethod 8562 0x0000000002a8ea50 code [0x0000000002a8ebe0, 0x0000000002a8eff8]
Event: 2659.348 Thread 0x00000000149fc000 8563       3       java.util.concurrent.ConcurrentHashMap$ValueIterator::<init> (12 bytes)
Event: 2659.348 Thread 0x00000000149fc000 nmethod 8563 0x0000000002897e10 code [0x0000000002897f80, 0x0000000002898258]

GC Heap History (10 events):
Event: 23.717 GC heap after
Heap after GC invocations=12 (full 2):
 PSYoungGen      total 253952K, used 18428K [0x00000000eab80000, 0x00000000fbc80000, 0x0000000100000000)
  eden space 235520K, 0% used [0x00000000eab80000,0x00000000eab80000,0x00000000f9180000)
  from space 18432K, 99% used [0x00000000fa780000,0x00000000fb97f100,0x00000000fb980000)
  to   space 22016K, 0% used [0x00000000f9180000,0x00000000f9180000,0x00000000fa700000)
 ParOldGen       total 70656K, used 27532K [0x00000000c0200000, 0x00000000c4700000, 0x00000000eab80000)
  object space 70656K, 38% used [0x00000000c0200000,0x00000000c1ce3188,0x00000000c4700000)
 Metaspace       used 48723K, capacity 49334K, committed 49792K, reserved 1093632K
  class space    used 6136K, capacity 6256K, committed 6272K, reserved 1048576K
}
Event: 33.286 GC heap before
{Heap before GC invocations=13 (full 2):
 PSYoungGen      total 253952K, used 253948K [0x00000000eab80000, 0x00000000fbc80000, 0x0000000100000000)
  eden space 235520K, 100% used [0x00000000eab80000,0x00000000f9180000,0x00000000f9180000)
  from space 18432K, 99% used [0x00000000fa780000,0x00000000fb97f100,0x00000000fb980000)
  to   space 22016K, 0% used [0x00000000f9180000,0x00000000f9180000,0x00000000fa700000)
 ParOldGen       total 70656K, used 27532K [0x00000000c0200000, 0x00000000c4700000, 0x00000000eab80000)
  object space 70656K, 38% used [0x00000000c0200000,0x00000000c1ce3188,0x00000000c4700000)
 Metaspace       used 54732K, capacity 55500K, committed 55680K, reserved 1097728K
  class space    used 6819K, capacity 6990K, committed 7040K, reserved 1048576K
Event: 33.382 GC heap after
Heap after GC invocations=13 (full 2):
 PSYoungGen      total 257536K, used 21990K [0x00000000eab80000, 0x00000000ff600000, 0x0000000100000000)
  eden space 235520K, 0% used [0x00000000eab80000,0x00000000eab80000,0x00000000f9180000)
  from space 22016K, 99% used [0x00000000f9180000,0x00000000fa6f9be0,0x00000000fa700000)
  to   space 26112K, 0% used [0x00000000fdc80000,0x00000000fdc80000,0x00000000ff600000)
 ParOldGen       total 70656K, used 28933K [0x00000000c0200000, 0x00000000c4700000, 0x00000000eab80000)
  object space 70656K, 40% used [0x00000000c0200000,0x00000000c1e414b8,0x00000000c4700000)
 Metaspace       used 54732K, capacity 55500K, committed 55680K, reserved 1097728K
  class space    used 6819K, capacity 6990K, committed 7040K, reserved 1048576K
}
Event: 35.555 GC heap before
{Heap before GC invocations=14 (full 2):
 PSYoungGen      total 257536K, used 72711K [0x00000000eab80000, 0x00000000ff600000, 0x0000000100000000)
  eden space 235520K, 21% used [0x00000000eab80000,0x00000000edd08308,0x00000000f9180000)
  from space 22016K, 99% used [0x00000000f9180000,0x00000000fa6f9be0,0x00000000fa700000)
  to   space 26112K, 0% used [0x00000000fdc80000,0x00000000fdc80000,0x00000000ff600000)
 ParOldGen       total 70656K, used 28933K [0x00000000c0200000, 0x00000000c4700000, 0x00000000eab80000)
  object space 70656K, 40% used [0x00000000c0200000,0x00000000c1e414b8,0x00000000c4700000)
 Metaspace       used 58074K, capacity 58928K, committed 59096K, reserved 1101824K
  class space    used 7259K, capacity 7472K, committed 7552K, reserved 1048576K
Event: 35.646 GC heap after
Heap after GC invocations=14 (full 2):
 PSYoungGen      total 313344K, used 7050K [0x00000000eab80000, 0x00000000ffa80000, 0x0000000100000000)
  eden space 287232K, 0% used [0x00000000eab80000,0x00000000eab80000,0x00000000fc400000)
  from space 26112K, 27% used [0x00000000fdc80000,0x00000000fe362aa8,0x00000000ff600000)
  to   space 25088K, 0% used [0x00000000fc400000,0x00000000fc400000,0x00000000fdc80000)
 ParOldGen       total 70656K, used 48956K [0x00000000c0200000, 0x00000000c4700000, 0x00000000eab80000)
  object space 70656K, 69% used [0x00000000c0200000,0x00000000c31cf190,0x00000000c4700000)
 Metaspace       used 58074K, capacity 58928K, committed 59096K, reserved 1101824K
  class space    used 7259K, capacity 7472K, committed 7552K, reserved 1048576K
}
Event: 35.646 GC heap before
{Heap before GC invocations=15 (full 3):
 PSYoungGen      total 313344K, used 7050K [0x00000000eab80000, 0x00000000ffa80000, 0x0000000100000000)
  eden space 287232K, 0% used [0x00000000eab80000,0x00000000eab80000,0x00000000fc400000)
  from space 26112K, 27% used [0x00000000fdc80000,0x00000000fe362aa8,0x00000000ff600000)
  to   space 25088K, 0% used [0x00000000fc400000,0x00000000fc400000,0x00000000fdc80000)
 ParOldGen       total 70656K, used 48956K [0x00000000c0200000, 0x00000000c4700000, 0x00000000eab80000)
  object space 70656K, 69% used [0x00000000c0200000,0x00000000c31cf190,0x00000000c4700000)
 Metaspace       used 58074K, capacity 58928K, committed 59096K, reserved 1101824K
  class space    used 7259K, capacity 7472K, committed 7552K, reserved 1048576K
Event: 36.390 GC heap after
Heap after GC invocations=15 (full 3):
 PSYoungGen      total 313344K, used 0K [0x00000000eab80000, 0x00000000ffa80000, 0x0000000100000000)
  eden space 287232K, 0% used [0x00000000eab80000,0x00000000eab80000,0x00000000fc400000)
  from space 26112K, 0% used [0x00000000fdc80000,0x00000000fdc80000,0x00000000ff600000)
  to   space 25088K, 0% used [0x00000000fc400000,0x00000000fc400000,0x00000000fdc80000)
 ParOldGen       total 111104K, used 46205K [0x00000000c0200000, 0x00000000c6e80000, 0x00000000eab80000)
  object space 111104K, 41% used [0x00000000c0200000,0x00000000c2f1f660,0x00000000c6e80000)
 Metaspace       used 58063K, capacity 58910K, committed 59096K, reserved 1101824K
  class space    used 7257K, capacity 7469K, committed 7552K, reserved 1048576K
}
Event: 871.890 GC heap before
{Heap before GC invocations=16 (full 3):
 PSYoungGen      total 313344K, used 287232K [0x00000000eab80000, 0x00000000ffa80000, 0x0000000100000000)
  eden space 287232K, 100% used [0x00000000eab80000,0x00000000fc400000,0x00000000fc400000)
  from space 26112K, 0% used [0x00000000fdc80000,0x00000000fdc80000,0x00000000ff600000)
  to   space 25088K, 0% used [0x00000000fc400000,0x00000000fc400000,0x00000000fdc80000)
 ParOldGen       total 111104K, used 46205K [0x00000000c0200000, 0x00000000c6e80000, 0x00000000eab80000)
  object space 111104K, 41% used [0x00000000c0200000,0x00000000c2f1f660,0x00000000c6e80000)
 Metaspace       used 60927K, capacity 62130K, committed 62208K, reserved 1103872K
  class space    used 7599K, capacity 7910K, committed 7936K, reserved 1048576K
Event: 871.921 GC heap after
Heap after GC invocations=16 (full 3):
 PSYoungGen      total 312320K, used 6471K [0x00000000eab80000, 0x00000000ffe00000, 0x0000000100000000)
  eden space 287232K, 0% used [0x00000000eab80000,0x00000000eab80000,0x00000000fc400000)
  from space 25088K, 25% used [0x00000000fc400000,0x00000000fca51c30,0x00000000fdc80000)
  to   space 24576K, 0% used [0x00000000fe600000,0x00000000fe600000,0x00000000ffe00000)
 ParOldGen       total 111104K, used 46213K [0x00000000c0200000, 0x00000000c6e80000, 0x00000000eab80000)
  object space 111104K, 41% used [0x00000000c0200000,0x00000000c2f21660,0x00000000c6e80000)
 Metaspace       used 60927K, capacity 62130K, committed 62208K, reserved 1103872K
  class space    used 7599K, capacity 7910K, committed 7936K, reserved 1048576K
}
Event: 2726.906 GC heap before
{Heap before GC invocations=17 (full 3):
 PSYoungGen      total 312320K, used 293703K [0x00000000eab80000, 0x00000000ffe00000, 0x0000000100000000)
  eden space 287232K, 100% used [0x00000000eab80000,0x00000000fc400000,0x00000000fc400000)
  from space 25088K, 25% used [0x00000000fc400000,0x00000000fca51c30,0x00000000fdc80000)
  to   space 24576K, 0% used [0x00000000fe600000,0x00000000fe600000,0x00000000ffe00000)
 ParOldGen       total 111104K, used 46213K [0x00000000c0200000, 0x00000000c6e80000, 0x00000000eab80000)
  object space 111104K, 41% used [0x00000000c0200000,0x00000000c2f21660,0x00000000c6e80000)
 Metaspace       used 60961K, capacity 62194K, committed 62464K, reserved 1103872K
  class space    used 7599K, capacity 7910K, committed 7936K, reserved 1048576K

Deoptimization events (10 events):
Event: 213.701 Thread 0x0000000019e58800 Uncommon trap: reason=class_check action=maybe_recompile pc=0x0000000003baa8e4 method=org.springframework.web.cors.CorsUtils.isCorsRequest(Ljavax/servlet/http/HttpServletRequest;)Z @ 3
Event: 213.701 Thread 0x0000000019e58800 Uncommon trap: reason=class_check action=maybe_recompile pc=0x0000000003d3987c method=org.springframework.web.servlet.mvc.condition.RequestMethodsRequestCondition.getMatchingCondition(Ljavax/servlet/http/HttpServletRequest;)Lorg/springframework/web/servle
Event: 213.701 Thread 0x0000000019e58800 Uncommon trap: reason=class_check action=maybe_recompile pc=0x0000000003baa8e4 method=org.springframework.web.cors.CorsUtils.isCorsRequest(Ljavax/servlet/http/HttpServletRequest;)Z @ 3
Event: 213.701 Thread 0x0000000019e58800 Uncommon trap: reason=class_check action=maybe_recompile pc=0x0000000003baa8e4 method=org.springframework.web.cors.CorsUtils.isCorsRequest(Ljavax/servlet/http/HttpServletRequest;)Z @ 3
Event: 213.701 Thread 0x0000000019e58800 Uncommon trap: reason=class_check action=maybe_recompile pc=0x0000000003baa8e4 method=org.springframework.web.cors.CorsUtils.isCorsRequest(Ljavax/servlet/http/HttpServletRequest;)Z @ 3
Event: 213.701 Thread 0x0000000019e58800 Uncommon trap: reason=class_check action=maybe_recompile pc=0x0000000003c8cdfc method=org.springframework.web.util.UrlPathHelper.getContextPath(Ljavax/servlet/http/HttpServletRequest;)Ljava/lang/String; @ 3
Event: 213.701 Thread 0x0000000019e58800 Uncommon trap: reason=class_check action=maybe_recompile pc=0x0000000003c9e6ac method=org.springframework.web.util.UrlPathHelper.getServletPath(Ljavax/servlet/http/HttpServletRequest;)Ljava/lang/String; @ 3
Event: 213.701 Thread 0x0000000019e58800 Uncommon trap: reason=class_check action=maybe_recompile pc=0x0000000003c9e6ac method=org.springframework.web.util.UrlPathHelper.getServletPath(Ljavax/servlet/http/HttpServletRequest;)Ljava/lang/String; @ 3
Event: 213.701 Thread 0x0000000019e58800 Uncommon trap: reason=class_check action=maybe_recompile pc=0x0000000003ca3a30 method=org.springframework.web.util.UrlPathHelper.getServletPath(Ljavax/servlet/http/HttpServletRequest;)Ljava/lang/String; @ 3
Event: 213.986 Thread 0x0000000019e58800 Uncommon trap: reason=class_check action=maybe_recompile pc=0x0000000003ad05b0 method=org.springframework.util.StringUtils.hasLength(Ljava/lang/CharSequence;)Z @ 5

Classes redefined (0 events):
No events

Internal exceptions (10 events):
Event: 38.890 Thread 0x0000000019e55000 Exception <a 'java/io/FileNotFoundException'> (0x00000000ed2af370) thrown at [C:\re\workspace\8-2-build-windows-amd64-cygwin\jdk8u171\10807\hotspot\src\share\vm\prims\jni.cpp, line 709]
Event: 38.890 Thread 0x0000000019e55000 Exception <a 'java/io/FileNotFoundException'> (0x00000000ed2aff48) thrown at [C:\re\workspace\8-2-build-windows-amd64-cygwin\jdk8u171\10807\hotspot\src\share\vm\prims\jni.cpp, line 709]
Event: 38.911 Thread 0x0000000019e55000 Exception <a 'java/io/FileNotFoundException'> (0x00000000ed2ff618) thrown at [C:\re\workspace\8-2-build-windows-amd64-cygwin\jdk8u171\10807\hotspot\src\share\vm\prims\jni.cpp, line 709]
Event: 38.911 Thread 0x0000000019e55000 Exception <a 'java/io/FileNotFoundException'> (0x00000000ed300148) thrown at [C:\re\workspace\8-2-build-windows-amd64-cygwin\jdk8u171\10807\hotspot\src\share\vm\prims\jni.cpp, line 709]
Event: 91.820 Thread 0x0000000019e56800 Exception <a 'java/lang/ClassNotFoundException': java/lang/ObjectCustomizer> (0x00000000ef4f5158) thrown at [C:\re\workspace\8-2-build-windows-amd64-cygwin\jdk8u171\10807\hotspot\src\share\vm\classfile\systemDictionary.cpp, line 210]
Event: 91.830 Thread 0x0000000019e56800 Exception <a 'java/lang/ClassNotFoundException': com/pges/entities/Resultat_AttenduCustomizer> (0x00000000ef514aa8) thrown at [C:\re\workspace\8-2-build-windows-amd64-cygwin\jdk8u171\10807\hotspot\src\share\vm\classfile\systemDictionary.cpp, line 210]
Event: 91.832 Thread 0x0000000019e56800 Implicit null exception at 0x0000000002ce9fb4 to 0x0000000002cea077
Event: 91.881 Thread 0x0000000019e56800 Exception <a 'java/lang/ClassNotFoundException': java/lang/ObjectCustomizer> (0x00000000ef5f16b0) thrown at [C:\re\workspace\8-2-build-windows-amd64-cygwin\jdk8u171\10807\hotspot\src\share\vm\classfile\systemDictionary.cpp, line 210]
Event: 91.886 Thread 0x0000000019e56800 Exception <a 'java/lang/ClassNotFoundException': com/pges/entities/MesureCustomizer> (0x00000000ef60c6d0) thrown at [C:\re\workspace\8-2-build-windows-amd64-cygwin\jdk8u171\10807\hotspot\src\share\vm\classfile\systemDictionary.cpp, line 210]
Event: 91.889 Thread 0x0000000019e56800 Exception <a 'java/lang/ClassNotFoundException': java/io/SerializableCustomizer> (0x00000000ef635ec8) thrown at [C:\re\workspace\8-2-build-windows-amd64-cygwin\jdk8u171\10807\hotspot\src\share\vm\classfile\systemDictionary.cpp, line 210]

Events (10 events):
Event: 2051.455 Thread 0x00000000149fc000 flushing nmethod 0x0000000002a98a90
Event: 2051.456 Thread 0x00000000149fc000 flushing nmethod 0x0000000002ac3c10
Event: 2659.347 Thread 0x00000000149fc000 flushing nmethod 0x0000000002ae7250
Event: 2659.348 Thread 0x00000000149fc000 flushing nmethod 0x0000000002c9e510
Event: 2659.348 Thread 0x00000000149fc000 flushing nmethod 0x0000000002ce9e50
Event: 2659.349 Thread 0x00000000149fc000 flushing nmethod 0x0000000002d85f50
Event: 2659.349 Thread 0x00000000149fc000 flushing nmethod 0x0000000002d86410
Event: 2659.349 Thread 0x00000000149fc000 flushing nmethod 0x0000000002d88650
Event: 2659.349 Thread 0x00000000149fc000 flushing nmethod 0x0000000002db67d0
Event: 2726.906 Executing VM operation: ParallelGCFailedAllocation


Dynamic libraries:
0x000007f6310a0000 - 0x000007f6310d7000 	C:\Program Files\Java\jre1.8.0_171\bin\javaw.exe
0x000007fd4dc80000 - 0x000007fd4de3d000 	C:\Windows\SYSTEM32\ntdll.dll
0x000007fd4b0f0000 - 0x000007fd4b226000 	C:\Windows\system32\KERNEL32.DLL
0x000007fd4ac70000 - 0x000007fd4ad64000 	C:\Windows\system32\KERNELBASE.dll
0x000007fd4b6f0000 - 0x000007fd4b7ce000 	C:\Windows\system32\ADVAPI32.dll
0x000007fd4cda0000 - 0x000007fd4ceec000 	C:\Windows\system32\USER32.dll
0x000007fd48c80000 - 0x000007fd48eea000 	C:\Windows\WinSxS\amd64_microsoft.windows.common-controls_6595b64144ccf1df_6.0.9200.17359_none_4188b989718cf1c6\COMCTL32.dll
0x000007fd4d830000 - 0x000007fd4d8d5000 	C:\Windows\system32\msvcrt.dll
0x000007fd4b7d0000 - 0x000007fd4b818000 	C:\Windows\SYSTEM32\sechost.dll
0x000007fd4b400000 - 0x000007fd4b540000 	C:\Windows\system32\RPCRT4.dll
0x000007fd4db10000 - 0x000007fd4dc51000 	C:\Windows\system32\GDI32.dll
0x000007fd4d010000 - 0x000007fd4d049000 	C:\Windows\system32\IMM32.DLL
0x000007fd4cef0000 - 0x000007fd4d005000 	C:\Windows\system32\MSCTF.dll
0x00000000507b0000 - 0x0000000050882000 	C:\Program Files\Java\jre1.8.0_171\bin\msvcr100.dll
0x00000000509a0000 - 0x0000000051240000 	C:\Program Files\Java\jre1.8.0_171\bin\server\jvm.dll
0x000007fd3f180000 - 0x000007fd3f189000 	C:\Windows\SYSTEM32\WSOCK32.dll
0x000007fd420c0000 - 0x000007fd420e0000 	C:\Windows\SYSTEM32\WINMM.dll
0x000007fd470a0000 - 0x000007fd470a9000 	C:\Windows\SYSTEM32\VERSION.dll
0x000007fd4d530000 - 0x000007fd4d537000 	C:\Windows\system32\PSAPI.DLL
0x000007fd4d1c0000 - 0x000007fd4d218000 	C:\Windows\system32\WS2_32.dll
0x000007fd42080000 - 0x000007fd420b2000 	C:\Windows\SYSTEM32\WINMMBASE.dll
0x000007fd4b0e0000 - 0x000007fd4b0e9000 	C:\Windows\system32\NSI.dll
0x0000000050990000 - 0x000000005099f000 	C:\Program Files\Java\jre1.8.0_171\bin\verify.dll
0x0000000050960000 - 0x0000000050989000 	C:\Program Files\Java\jre1.8.0_171\bin\java.dll
0x0000000050940000 - 0x0000000050956000 	C:\Program Files\Java\jre1.8.0_171\bin\zip.dll
0x000007fd4b820000 - 0x000007fd4cb05000 	C:\Windows\system32\SHELL32.dll
0x000007fd4b540000 - 0x000007fd4b6f0000 	C:\Windows\SYSTEM32\combase.dll
0x000007fd4d540000 - 0x000007fd4d590000 	C:\Windows\system32\SHLWAPI.dll
0x000007fd49260000 - 0x000007fd492f6000 	C:\Windows\SYSTEM32\SHCORE.dll
0x000007fd4aba0000 - 0x000007fd4abb5000 	C:\Windows\SYSTEM32\profapi.dll
0x00000000508a0000 - 0x00000000508ad000 	C:\Program Files\Java\jre1.8.0_171\bin\management.dll
0x0000000050920000 - 0x000000005093a000 	C:\Program Files\Java\jre1.8.0_171\bin\net.dll
0x000007fd4a3f0000 - 0x000007fd4a44c000 	C:\Windows\system32\mswsock.dll
0x000007fd43d00000 - 0x000007fd43d14000 	C:\Windows\system32\napinsp.dll
0x000007fd43ce0000 - 0x000007fd43cf8000 	C:\Windows\system32\pnrpnsp.dll
0x000007fd48ef0000 - 0x000007fd48f06000 	C:\Windows\system32\NLAapi.dll
0x000007fd4a230000 - 0x000007fd4a2cc000 	C:\Windows\SYSTEM32\DNSAPI.dll
0x000007fd43cc0000 - 0x000007fd43cd2000 	C:\Windows\System32\winrnr.dll
0x000007fd43d80000 - 0x000007fd43d88000 	C:\Windows\System32\rasadhlp.dll
0x000007fd46eb0000 - 0x000007fd46edc000 	C:\Windows\SYSTEM32\IPHLPAPI.DLL
0x000007fd46e90000 - 0x000007fd46e9a000 	C:\Windows\SYSTEM32\WINNSI.DLL
0x000007fd46ae0000 - 0x000007fd46b41000 	C:\Windows\System32\fwpuclnt.dll
0x0000000050900000 - 0x0000000050911000 	C:\Program Files\Java\jre1.8.0_171\bin\nio.dll
0x000007fd4a450000 - 0x000007fd4a46a000 	C:\Windows\SYSTEM32\CRYPTSP.dll
0x000007fd4a0d0000 - 0x000007fd4a11b000 	C:\Windows\system32\rsaenh.dll
0x000007fd4a1d0000 - 0x000007fd4a1ef000 	C:\Windows\SYSTEM32\USERENV.dll
0x000007fd4a9e0000 - 0x000007fd4a9ea000 	C:\Windows\SYSTEM32\CRYPTBASE.dll
0x000007fd4a980000 - 0x000007fd4a9dd000 	C:\Windows\SYSTEM32\bcryptPrimitives.dll
0x000007fd46a70000 - 0x000007fd46a83000 	C:\Windows\SYSTEM32\dhcpcsvc6.DLL
0x000007fd46a50000 - 0x000007fd46a68000 	C:\Windows\SYSTEM32\dhcpcsvc.DLL
0x000007fd44530000 - 0x000007fd44693000 	C:\Windows\SYSTEM32\dbghelp.dll

VM Arguments:
jvm_args: -Dfile.encoding=UTF-8 
java_command: com.pges.PgesSgApplication
java_class_path (initial): E:\workspace\PGES_SG\target\classes;C:\Users\FAMILLE-PORIO\.m2\repository\org\springframework\boot\spring-boot-starter-data-jpa\1.5.7.RELEASE\spring-boot-starter-data-jpa-1.5.7.RELEASE.jar;C:\Users\FAMILLE-PORIO\.m2\repository\org\springframework\boot\spring-boot-starter\1.5.7.RELEASE\spring-boot-starter-1.5.7.RELEASE.jar;C:\Users\FAMILLE-PORIO\.m2\repository\org\springframework\boot\spring-boot-starter-logging\1.5.7.RELEASE\spring-boot-starter-logging-1.5.7.RELEASE.jar;C:\Users\FAMILLE-PORIO\.m2\repository\ch\qos\logback\logback-classic\1.1.11\logback-classic-1.1.11.jar;C:\Users\FAMILLE-PORIO\.m2\repository\ch\qos\logback\logback-core\1.1.11\logback-core-1.1.11.jar;C:\Users\FAMILLE-PORIO\.m2\repository\org\slf4j\jul-to-slf4j\1.7.25\jul-to-slf4j-1.7.25.jar;C:\Users\FAMILLE-PORIO\.m2\repository\org\slf4j\log4j-over-slf4j\1.7.25\log4j-over-slf4j-1.7.25.jar;C:\Users\FAMILLE-PORIO\.m2\repository\org\yaml\snakeyaml\1.17\snakeyaml-1.17.jar;C:\Users\FAMILLE-PORIO\.m2\repository\org\springframework\boot\spring-boot-starter-aop\1.5.7.RELEASE\spring-boot-starter-aop-1.5.7.RELEASE.jar;C:\Users\FAMILLE-PORIO\.m2\repository\org\springframework\spring-aop\4.3.11.RELEASE\spring-aop-4.3.11.RELEASE.jar;C:\Users\FAMILLE-PORIO\.m2\repository\org\aspectj\aspectjweaver\1.8.10\aspectjweaver-1.8.10.jar;C:\Users\FAMILLE-PORIO\.m2\repository\org\springframework\boot\spring-boot-starter-jdbc\1.5.7.RELEASE\spring-boot-starter-jdbc-1.5.7.RELEASE.jar;C:\Users\FAMILLE-PORIO\.m2\repository\org\apache\tomcat\tomcat-jdbc\8.5.20\tomcat-jdbc-8.5.20.jar;C:\Users\FAMILLE-PORIO\.m2\repository\org\apache\tomcat\tomcat-juli\8.5.20\tomcat-juli-8.5.20.jar;C:\Users\FAMILLE-PORIO\.m2\repository\org\springframework\spring-jdbc\4.3.11.RELEASE\spring-jdbc-4.3.11.RELEASE.jar;C:\Users\FAMILLE-PORIO\.m2\repository\org\hibernate\hibernate-core\5.0.12.Final\hibernate-core-5.0.12.Final.jar;C:\Users\FAMILLE-PORIO\.m2\repository\org\jboss\logging\jboss-logging\3.3.1.Final\jboss-logging-3.3.1
Launcher Type: SUN_STANDARD

Environment Variables:
PATH=C:/Program Files/Java/jre1.8.0_171/bin/server;C:/Program Files/Java/jre1.8.0_171/bin;C:/Program Files/Java/jre1.8.0_171/lib/amd64;C:\Program Files (x86)\Common Files\Oracle\Java\javapath;C:\Windows\system32;C:\Windows;C:\Windows\System32\Wbem;C:\Windows\System32\WindowsPowerShell\v1.0\;C:\Program Files\Java\jdk1.8.0_171\bin;D:\tools\eclipse;
USERNAME=FAMILLE-PORIO
OS=Windows_NT
PROCESSOR_IDENTIFIER=Intel64 Family 6 Model 15 Stepping 13, GenuineIntel



---------------  S Y S T E M  ---------------

OS: Windows 8 , 64 bit Build 9200 (6.2.9200.16815)

CPU:total 2 (initial active 2) (2 cores per cpu, 1 threads per core) family 6 model 15 stepping 13, cmov, cx8, fxsr, mmx, sse, sse2, sse3, ssse3, tsc

Memory: 4k page, physical 4184180k(1167364k free), swap 9427060k(4493304k free)

vm_info: Java HotSpot(TM) 64-Bit Server VM (25.171-b11) for windows-amd64 JRE (1.8.0_171-b11), built on Mar 28 2018 16:06:12 by "java_re" with MS VC++ 10.0 (VS2010)

time: Fri Feb 08 17:24:07 2019
elapsed time: 2727 seconds (0d 0h 45m 27s)

